{"C:\\Users\\deban\\OneDrive\\Desktop\\LFP\\backend\\server.js": {"path":"C:\\Users\\deban\\OneDrive\\Desktop\\LFP\\backend\\server.js","statementMap":{"0":{"start":{"line":15,"column":0},"end":{"line":15,"column":18}},"1":{"start":{"line":17,"column":12},"end":{"line":17,"column":21}},"2":{"start":{"line":19,"column":0},"end":{"line":24,"column":3}},"3":{"start":{"line":20,"column":2},"end":{"line":23,"column":5}},"4":{"start":{"line":26,"column":0},"end":{"line":26,"column":24}},"5":{"start":{"line":27,"column":0},"end":{"line":27,"column":48}},"6":{"start":{"line":28,"column":0},"end":{"line":28,"column":24}},"7":{"start":{"line":29,"column":20},"end":{"line":32,"column":1}},"8":{"start":{"line":34,"column":0},"end":{"line":34,"column":27}},"9":{"start":{"line":36,"column":13},"end":{"line":36,"column":37}},"10":{"start":{"line":38,"column":0},"end":{"line":38,"column":32}},"11":{"start":{"line":39,"column":0},"end":{"line":39,"column":40}},"12":{"start":{"line":40,"column":0},"end":{"line":40,"column":44}},"13":{"start":{"line":41,"column":0},"end":{"line":41,"column":34}},"14":{"start":{"line":42,"column":0},"end":{"line":42,"column":30}},"15":{"start":{"line":43,"column":0},"end":{"line":43,"column":44}},"16":{"start":{"line":44,"column":0},"end":{"line":44,"column":40}},"17":{"start":{"line":45,"column":0},"end":{"line":45,"column":38}},"18":{"start":{"line":47,"column":0},"end":{"line":52,"column":1}},"19":{"start":{"line":48,"column":2},"end":{"line":51,"column":5}},"20":{"start":{"line":49,"column":4},"end":{"line":49,"column":16}},"21":{"start":{"line":50,"column":4},"end":{"line":50,"column":50}}},"fnMap":{"0":{"name":"(anonymous_0)","decl":{"start":{"line":19,"column":17},"end":{"line":19,"column":18}},"loc":{"start":{"line":19,"column":31},"end":{"line":24,"column":1}},"line":19},"1":{"name":"(anonymous_1)","decl":{"start":{"line":48,"column":19},"end":{"line":48,"column":20}},"loc":{"start":{"line":48,"column":25},"end":{"line":51,"column":3}},"line":48}},"branchMap":{"0":{"loc":{"start":{"line":36,"column":13},"end":{"line":36,"column":37}},"type":"binary-expr","locations":[{"start":{"line":36,"column":13},"end":{"line":36,"column":29}},{"start":{"line":36,"column":33},"end":{"line":36,"column":37}}],"line":36},"1":{"loc":{"start":{"line":47,"column":0},"end":{"line":52,"column":1}},"type":"if","locations":[{"start":{"line":47,"column":0},"end":{"line":52,"column":1}},{"start":{},"end":{}}],"line":47}},"s":{"0":8,"1":8,"2":8,"3":0,"4":8,"5":8,"6":8,"7":8,"8":8,"9":8,"10":8,"11":8,"12":8,"13":8,"14":8,"15":8,"16":8,"17":8,"18":8,"19":0,"20":0,"21":0},"f":{"0":0,"1":0},"b":{"0":[8,0],"1":[0,8]},"inputSourceMap":null,"_coverageSchema":"1a1c01bbd47fc00a2c39e90264f33305004495a9","hash":"b74b30282590ed0b982cd4911717cb63110a7db6"}
,"C:\\Users\\deban\\OneDrive\\Desktop\\LFP\\backend\\controllers\\eventController.js": {"path":"C:\\Users\\deban\\OneDrive\\Desktop\\LFP\\backend\\controllers\\eventController.js","statementMap":{"0":{"start":{"line":5,"column":24},"end":{"line":98,"column":1}},"1":{"start":{"line":6,"column":2},"end":{"line":97,"column":3}},"2":{"start":{"line":20,"column":8},"end":{"line":20,"column":16}},"3":{"start":{"line":22,"column":21},"end":{"line":25,"column":6}},"4":{"start":{"line":26,"column":4},"end":{"line":26,"column":82}},"5":{"start":{"line":26,"column":19},"end":{"line":26,"column":82}},"6":{"start":{"line":28,"column":4},"end":{"line":43,"column":5}},"7":{"start":{"line":29,"column":33},"end":{"line":32,"column":8}},"8":{"start":{"line":33,"column":6},"end":{"line":37,"column":7}},"9":{"start":{"line":34,"column":8},"end":{"line":36,"column":11}},"10":{"start":{"line":38,"column":6},"end":{"line":42,"column":7}},"11":{"start":{"line":39,"column":8},"end":{"line":41,"column":11}},"12":{"start":{"line":45,"column":21},"end":{"line":58,"column":6}},"13":{"start":{"line":60,"column":4},"end":{"line":60,"column":26}},"14":{"start":{"line":62,"column":4},"end":{"line":80,"column":5}},"15":{"start":{"line":63,"column":6},"end":{"line":63,"column":41}},"16":{"start":{"line":65,"column":6},"end":{"line":77,"column":7}},"17":{"start":{"line":66,"column":8},"end":{"line":76,"column":11}},"18":{"start":{"line":67,"column":29},"end":{"line":67,"column":56}},"19":{"start":{"line":68,"column":27},"end":{"line":70,"column":11}},"20":{"start":{"line":69,"column":12},"end":{"line":69,"column":43}},"21":{"start":{"line":71,"column":10},"end":{"line":75,"column":11}},"22":{"start":{"line":72,"column":12},"end":{"line":72,"column":41}},"23":{"start":{"line":74,"column":12},"end":{"line":74,"column":77}},"24":{"start":{"line":79,"column":6},"end":{"line":79,"column":28}},"25":{"start":{"line":82,"column":4},"end":{"line":87,"column":6}},"26":{"start":{"line":89,"column":4},"end":{"line":94,"column":7}},"27":{"start":{"line":96,"column":4},"end":{"line":96,"column":82}},"28":{"start":{"line":100,"column":37},"end":{"line":114,"column":1}},"29":{"start":{"line":101,"column":2},"end":{"line":113,"column":3}},"30":{"start":{"line":102,"column":27},"end":{"line":102,"column":37}},"31":{"start":{"line":104,"column":21},"end":{"line":104,"column":75}},"32":{"start":{"line":106,"column":4},"end":{"line":108,"column":5}},"33":{"start":{"line":107,"column":6},"end":{"line":107,"column":69}},"34":{"start":{"line":110,"column":4},"end":{"line":110,"column":42}},"35":{"start":{"line":112,"column":4},"end":{"line":112,"column":85}},"36":{"start":{"line":116,"column":28},"end":{"line":136,"column":1}},"37":{"start":{"line":117,"column":2},"end":{"line":135,"column":3}},"38":{"start":{"line":118,"column":18},"end":{"line":118,"column":74}},"39":{"start":{"line":119,"column":4},"end":{"line":119,"column":76}},"40":{"start":{"line":119,"column":16},"end":{"line":119,"column":76}},"41":{"start":{"line":121,"column":21},"end":{"line":121,"column":66}},"42":{"start":{"line":123,"column":4},"end":{"line":125,"column":5}},"43":{"start":{"line":124,"column":6},"end":{"line":124,"column":69}},"44":{"start":{"line":127,"column":32},"end":{"line":130,"column":5}},"45":{"start":{"line":132,"column":4},"end":{"line":132,"column":46}},"46":{"start":{"line":134,"column":4},"end":{"line":134,"column":84}},"47":{"start":{"line":138,"column":27},"end":{"line":162,"column":1}},"48":{"start":{"line":139,"column":2},"end":{"line":161,"column":3}},"49":{"start":{"line":140,"column":25},"end":{"line":144,"column":5}},"50":{"start":{"line":146,"column":4},"end":{"line":148,"column":5}},"51":{"start":{"line":147,"column":6},"end":{"line":147,"column":66}},"52":{"start":{"line":150,"column":4},"end":{"line":153,"column":6}},"53":{"start":{"line":155,"column":4},"end":{"line":158,"column":7}},"54":{"start":{"line":160,"column":4},"end":{"line":160,"column":84}},"55":{"start":{"line":164,"column":27},"end":{"line":185,"column":1}},"56":{"start":{"line":165,"column":2},"end":{"line":184,"column":3}},"57":{"start":{"line":166,"column":18},"end":{"line":166,"column":53}},"58":{"start":{"line":167,"column":4},"end":{"line":167,"column":76}},"59":{"start":{"line":167,"column":16},"end":{"line":167,"column":76}},"60":{"start":{"line":169,"column":4},"end":{"line":172,"column":6}},"61":{"start":{"line":174,"column":4},"end":{"line":174,"column":49}},"62":{"start":{"line":176,"column":4},"end":{"line":179,"column":6}},"63":{"start":{"line":181,"column":4},"end":{"line":181,"column":68}},"64":{"start":{"line":183,"column":4},"end":{"line":183,"column":84}}},"fnMap":{"0":{"name":"(anonymous_0)","decl":{"start":{"line":5,"column":24},"end":{"line":5,"column":25}},"loc":{"start":{"line":5,"column":44},"end":{"line":98,"column":1}},"line":5},"1":{"name":"(anonymous_1)","decl":{"start":{"line":66,"column":32},"end":{"line":66,"column":33}},"loc":{"start":{"line":66,"column":64},"end":{"line":76,"column":9}},"line":66},"2":{"name":"(anonymous_2)","decl":{"start":{"line":68,"column":57},"end":{"line":68,"column":58}},"loc":{"start":{"line":69,"column":12},"end":{"line":69,"column":43}},"line":69},"3":{"name":"(anonymous_3)","decl":{"start":{"line":100,"column":37},"end":{"line":100,"column":38}},"loc":{"start":{"line":100,"column":57},"end":{"line":114,"column":1}},"line":100},"4":{"name":"(anonymous_4)","decl":{"start":{"line":116,"column":28},"end":{"line":116,"column":29}},"loc":{"start":{"line":116,"column":48},"end":{"line":136,"column":1}},"line":116},"5":{"name":"(anonymous_5)","decl":{"start":{"line":138,"column":27},"end":{"line":138,"column":28}},"loc":{"start":{"line":138,"column":47},"end":{"line":162,"column":1}},"line":138},"6":{"name":"(anonymous_6)","decl":{"start":{"line":164,"column":27},"end":{"line":164,"column":28}},"loc":{"start":{"line":164,"column":47},"end":{"line":185,"column":1}},"line":164}},"branchMap":{"0":{"loc":{"start":{"line":26,"column":4},"end":{"line":26,"column":82}},"type":"if","locations":[{"start":{"line":26,"column":4},"end":{"line":26,"column":82}},{"start":{},"end":{}}],"line":26},"1":{"loc":{"start":{"line":28,"column":4},"end":{"line":43,"column":5}},"type":"if","locations":[{"start":{"line":28,"column":4},"end":{"line":43,"column":5}},{"start":{},"end":{}}],"line":28},"2":{"loc":{"start":{"line":33,"column":6},"end":{"line":37,"column":7}},"type":"if","locations":[{"start":{"line":33,"column":6},"end":{"line":37,"column":7}},{"start":{},"end":{}}],"line":33},"3":{"loc":{"start":{"line":38,"column":6},"end":{"line":42,"column":7}},"type":"if","locations":[{"start":{"line":38,"column":6},"end":{"line":42,"column":7}},{"start":{},"end":{}}],"line":38},"4":{"loc":{"start":{"line":38,"column":10},"end":{"line":38,"column":52}},"type":"binary-expr","locations":[{"start":{"line":38,"column":10},"end":{"line":38,"column":16}},{"start":{"line":38,"column":20},"end":{"line":38,"column":34}},{"start":{"line":38,"column":38},"end":{"line":38,"column":52}}],"line":38},"5":{"loc":{"start":{"line":49,"column":16},"end":{"line":49,"column":53}},"type":"cond-expr","locations":[{"start":{"line":49,"column":41},"end":{"line":49,"column":42}},{"start":{"line":49,"column":45},"end":{"line":49,"column":53}}],"line":49},"6":{"loc":{"start":{"line":50,"column":14},"end":{"line":50,"column":49}},"type":"cond-expr","locations":[{"start":{"line":50,"column":39},"end":{"line":50,"column":40}},{"start":{"line":50,"column":43},"end":{"line":50,"column":49}}],"line":50},"7":{"loc":{"start":{"line":51,"column":22},"end":{"line":51,"column":65}},"type":"cond-expr","locations":[{"start":{"line":51,"column":47},"end":{"line":51,"column":48}},{"start":{"line":51,"column":51},"end":{"line":51,"column":65}}],"line":51},"8":{"loc":{"start":{"line":52,"column":25},"end":{"line":52,"column":75}},"type":"cond-expr","locations":[{"start":{"line":52,"column":50},"end":{"line":52,"column":55}},{"start":{"line":52,"column":58},"end":{"line":52,"column":75}}],"line":52},"9":{"loc":{"start":{"line":53,"column":21},"end":{"line":53,"column":67}},"type":"cond-expr","locations":[{"start":{"line":53,"column":46},"end":{"line":53,"column":51}},{"start":{"line":53,"column":54},"end":{"line":53,"column":67}}],"line":53},"10":{"loc":{"start":{"line":54,"column":23},"end":{"line":54,"column":68}},"type":"cond-expr","locations":[{"start":{"line":54,"column":48},"end":{"line":54,"column":50}},{"start":{"line":54,"column":53},"end":{"line":54,"column":68}}],"line":54},"11":{"loc":{"start":{"line":62,"column":4},"end":{"line":80,"column":5}},"type":"if","locations":[{"start":{"line":62,"column":4},"end":{"line":80,"column":5}},{"start":{},"end":{}}],"line":62},"12":{"loc":{"start":{"line":65,"column":6},"end":{"line":77,"column":7}},"type":"if","locations":[{"start":{"line":65,"column":6},"end":{"line":77,"column":7}},{"start":{},"end":{}}],"line":65},"13":{"loc":{"start":{"line":65,"column":10},"end":{"line":65,"column":95}},"type":"binary-expr","locations":[{"start":{"line":65,"column":10},"end":{"line":65,"column":31}},{"start":{"line":65,"column":35},"end":{"line":65,"column":65}},{"start":{"line":65,"column":69},"end":{"line":65,"column":95}}],"line":65},"14":{"loc":{"start":{"line":71,"column":10},"end":{"line":75,"column":11}},"type":"if","locations":[{"start":{"line":71,"column":10},"end":{"line":75,"column":11}},{"start":{"line":73,"column":17},"end":{"line":75,"column":11}}],"line":71},"15":{"loc":{"start":{"line":84,"column":6},"end":{"line":86,"column":77}},"type":"cond-expr","locations":[{"start":{"line":85,"column":10},"end":{"line":85,"column":57}},{"start":{"line":86,"column":10},"end":{"line":86,"column":77}}],"line":84},"16":{"loc":{"start":{"line":90,"column":15},"end":{"line":92,"column":36}},"type":"cond-expr","locations":[{"start":{"line":91,"column":10},"end":{"line":91,"column":49}},{"start":{"line":92,"column":10},"end":{"line":92,"column":36}}],"line":90},"17":{"loc":{"start":{"line":106,"column":4},"end":{"line":108,"column":5}},"type":"if","locations":[{"start":{"line":106,"column":4},"end":{"line":108,"column":5}},{"start":{},"end":{}}],"line":106},"18":{"loc":{"start":{"line":119,"column":4},"end":{"line":119,"column":76}},"type":"if","locations":[{"start":{"line":119,"column":4},"end":{"line":119,"column":76}},{"start":{},"end":{}}],"line":119},"19":{"loc":{"start":{"line":123,"column":4},"end":{"line":125,"column":5}},"type":"if","locations":[{"start":{"line":123,"column":4},"end":{"line":125,"column":5}},{"start":{},"end":{}}],"line":123},"20":{"loc":{"start":{"line":146,"column":4},"end":{"line":148,"column":5}},"type":"if","locations":[{"start":{"line":146,"column":4},"end":{"line":148,"column":5}},{"start":{},"end":{}}],"line":146},"21":{"loc":{"start":{"line":167,"column":4},"end":{"line":167,"column":76}},"type":"if","locations":[{"start":{"line":167,"column":4},"end":{"line":167,"column":76}},{"start":{},"end":{}}],"line":167}},"s":{"0":8,"1":6,"2":6,"3":6,"4":6,"5":0,"6":6,"7":0,"8":0,"9":0,"10":0,"11":0,"12":6,"13":6,"14":6,"15":6,"16":6,"17":0,"18":0,"19":0,"20":0,"21":0,"22":0,"23":0,"24":6,"25":6,"26":6,"27":0,"28":8,"29":1,"30":1,"31":1,"32":1,"33":0,"34":1,"35":0,"36":8,"37":2,"38":2,"39":2,"40":1,"41":1,"42":1,"43":0,"44":1,"45":1,"46":0,"47":8,"48":1,"49":1,"50":1,"51":0,"52":1,"53":1,"54":0,"55":8,"56":1,"57":1,"58":1,"59":0,"60":1,"61":1,"62":1,"63":1,"64":0},"f":{"0":6,"1":0,"2":0,"3":1,"4":2,"5":1,"6":1},"b":{"0":[0,6],"1":[0,6],"2":[0,0],"3":[0,0],"4":[0,0,0],"5":[0,6],"6":[0,6],"7":[0,6],"8":[0,6],"9":[0,6],"10":[0,6],"11":[6,0],"12":[0,6],"13":[6,0,0],"14":[0,0],"15":[0,6],"16":[0,6],"17":[0,1],"18":[1,1],"19":[0,1],"20":[0,1],"21":[0,1]},"inputSourceMap":null,"_coverageSchema":"1a1c01bbd47fc00a2c39e90264f33305004495a9","hash":"8f1d863a517df57c7c976be1897710391aa9e4c2"}
,"C:\\Users\\deban\\OneDrive\\Desktop\\LFP\\backend\\controllers\\investmentController.js": {"path":"C:\\Users\\deban\\OneDrive\\Desktop\\LFP\\backend\\controllers\\investmentController.js","statementMap":{"0":{"start":{"line":5,"column":29},"end":{"line":54,"column":1}},"1":{"start":{"line":6,"column":2},"end":{"line":53,"column":3}},"2":{"start":{"line":16,"column":8},"end":{"line":16,"column":16}},"3":{"start":{"line":18,"column":21},"end":{"line":21,"column":6}},"4":{"start":{"line":22,"column":4},"end":{"line":23,"column":69}},"5":{"start":{"line":23,"column":6},"end":{"line":23,"column":69}},"6":{"start":{"line":25,"column":26},"end":{"line":33,"column":6}},"7":{"start":{"line":35,"column":4},"end":{"line":35,"column":31}},"8":{"start":{"line":37,"column":4},"end":{"line":37,"column":79}},"9":{"start":{"line":38,"column":4},"end":{"line":38,"column":26}},"10":{"start":{"line":40,"column":4},"end":{"line":43,"column":6}},"11":{"start":{"line":45,"column":4},"end":{"line":48,"column":7}},"12":{"start":{"line":50,"column":4},"end":{"line":52,"column":74}},"13":{"start":{"line":56,"column":42},"end":{"line":78,"column":1}},"14":{"start":{"line":57,"column":2},"end":{"line":77,"column":3}},"15":{"start":{"line":58,"column":27},"end":{"line":58,"column":37}},"16":{"start":{"line":60,"column":21},"end":{"line":62,"column":5}},"17":{"start":{"line":64,"column":4},"end":{"line":66,"column":5}},"18":{"start":{"line":65,"column":6},"end":{"line":65,"column":69}},"19":{"start":{"line":68,"column":24},"end":{"line":70,"column":5}},"20":{"start":{"line":69,"column":26},"end":{"line":69,"column":51}},"21":{"start":{"line":72,"column":4},"end":{"line":72,"column":38}},"22":{"start":{"line":74,"column":4},"end":{"line":76,"column":77}},"23":{"start":{"line":80,"column":33},"end":{"line":106,"column":1}},"24":{"start":{"line":81,"column":2},"end":{"line":105,"column":3}},"25":{"start":{"line":82,"column":23},"end":{"line":82,"column":63}},"26":{"start":{"line":83,"column":4},"end":{"line":84,"column":71}},"27":{"start":{"line":84,"column":6},"end":{"line":84,"column":71}},"28":{"start":{"line":86,"column":21},"end":{"line":88,"column":6}},"29":{"start":{"line":89,"column":4},"end":{"line":93,"column":5}},"30":{"start":{"line":90,"column":6},"end":{"line":92,"column":69}},"31":{"start":{"line":95,"column":37},"end":{"line":98,"column":5}},"32":{"start":{"line":100,"column":4},"end":{"line":100,"column":51}},"33":{"start":{"line":102,"column":4},"end":{"line":104,"column":76}},"34":{"start":{"line":108,"column":32},"end":{"line":133,"column":1}},"35":{"start":{"line":109,"column":2},"end":{"line":132,"column":3}},"36":{"start":{"line":110,"column":30},"end":{"line":114,"column":5}},"37":{"start":{"line":116,"column":4},"end":{"line":117,"column":71}},"38":{"start":{"line":117,"column":6},"end":{"line":117,"column":71}},"39":{"start":{"line":119,"column":4},"end":{"line":122,"column":6}},"40":{"start":{"line":124,"column":4},"end":{"line":127,"column":7}},"41":{"start":{"line":129,"column":4},"end":{"line":131,"column":76}},"42":{"start":{"line":135,"column":32},"end":{"line":159,"column":1}},"43":{"start":{"line":136,"column":2},"end":{"line":158,"column":3}},"44":{"start":{"line":137,"column":23},"end":{"line":137,"column":63}},"45":{"start":{"line":138,"column":4},"end":{"line":139,"column":71}},"46":{"start":{"line":139,"column":6},"end":{"line":139,"column":71}},"47":{"start":{"line":141,"column":4},"end":{"line":144,"column":6}},"48":{"start":{"line":146,"column":4},"end":{"line":146,"column":54}},"49":{"start":{"line":148,"column":4},"end":{"line":151,"column":6}},"50":{"start":{"line":153,"column":4},"end":{"line":153,"column":73}},"51":{"start":{"line":155,"column":4},"end":{"line":157,"column":76}}},"fnMap":{"0":{"name":"(anonymous_0)","decl":{"start":{"line":5,"column":29},"end":{"line":5,"column":30}},"loc":{"start":{"line":5,"column":49},"end":{"line":54,"column":1}},"line":5},"1":{"name":"(anonymous_1)","decl":{"start":{"line":56,"column":42},"end":{"line":56,"column":43}},"loc":{"start":{"line":56,"column":62},"end":{"line":78,"column":1}},"line":56},"2":{"name":"(anonymous_2)","decl":{"start":{"line":69,"column":6},"end":{"line":69,"column":7}},"loc":{"start":{"line":69,"column":26},"end":{"line":69,"column":51}},"line":69},"3":{"name":"(anonymous_3)","decl":{"start":{"line":80,"column":33},"end":{"line":80,"column":34}},"loc":{"start":{"line":80,"column":53},"end":{"line":106,"column":1}},"line":80},"4":{"name":"(anonymous_4)","decl":{"start":{"line":108,"column":32},"end":{"line":108,"column":33}},"loc":{"start":{"line":108,"column":52},"end":{"line":133,"column":1}},"line":108},"5":{"name":"(anonymous_5)","decl":{"start":{"line":135,"column":32},"end":{"line":135,"column":33}},"loc":{"start":{"line":135,"column":52},"end":{"line":159,"column":1}},"line":135}},"branchMap":{"0":{"loc":{"start":{"line":22,"column":4},"end":{"line":23,"column":69}},"type":"if","locations":[{"start":{"line":22,"column":4},"end":{"line":23,"column":69}},{"start":{},"end":{}}],"line":22},"1":{"loc":{"start":{"line":64,"column":4},"end":{"line":66,"column":5}},"type":"if","locations":[{"start":{"line":64,"column":4},"end":{"line":66,"column":5}},{"start":{},"end":{}}],"line":64},"2":{"loc":{"start":{"line":83,"column":4},"end":{"line":84,"column":71}},"type":"if","locations":[{"start":{"line":83,"column":4},"end":{"line":84,"column":71}},{"start":{},"end":{}}],"line":83},"3":{"loc":{"start":{"line":89,"column":4},"end":{"line":93,"column":5}},"type":"if","locations":[{"start":{"line":89,"column":4},"end":{"line":93,"column":5}},{"start":{},"end":{}}],"line":89},"4":{"loc":{"start":{"line":116,"column":4},"end":{"line":117,"column":71}},"type":"if","locations":[{"start":{"line":116,"column":4},"end":{"line":117,"column":71}},{"start":{},"end":{}}],"line":116},"5":{"loc":{"start":{"line":138,"column":4},"end":{"line":139,"column":71}},"type":"if","locations":[{"start":{"line":138,"column":4},"end":{"line":139,"column":71}},{"start":{},"end":{}}],"line":138}},"s":{"0":8,"1":5,"2":5,"3":5,"4":5,"5":0,"6":5,"7":5,"8":5,"9":5,"10":5,"11":5,"12":0,"13":8,"14":1,"15":1,"16":1,"17":1,"18":0,"19":1,"20":1,"21":1,"22":0,"23":8,"24":1,"25":1,"26":1,"27":0,"28":1,"29":1,"30":0,"31":1,"32":1,"33":0,"34":8,"35":1,"36":1,"37":1,"38":0,"39":1,"40":1,"41":0,"42":8,"43":1,"44":1,"45":1,"46":0,"47":1,"48":1,"49":1,"50":1,"51":0},"f":{"0":5,"1":1,"2":1,"3":1,"4":1,"5":1},"b":{"0":[0,5],"1":[0,1],"2":[0,1],"3":[0,1],"4":[0,1],"5":[0,1]},"inputSourceMap":null,"_coverageSchema":"1a1c01bbd47fc00a2c39e90264f33305004495a9","hash":"9a648721101e99271b98d898c708bb129cb13923"}
,"C:\\Users\\deban\\OneDrive\\Desktop\\LFP\\backend\\controllers\\loggingController.js": {"path":"C:\\Users\\deban\\OneDrive\\Desktop\\LFP\\backend\\controllers\\loggingController.js","statementMap":{"0":{"start":{"line":5,"column":31},"end":{"line":31,"column":1}},"1":{"start":{"line":6,"column":2},"end":{"line":30,"column":3}},"2":{"start":{"line":7,"column":27},"end":{"line":7,"column":37}},"3":{"start":{"line":9,"column":21},"end":{"line":12,"column":6}},"4":{"start":{"line":13,"column":4},"end":{"line":14,"column":69}},"5":{"start":{"line":14,"column":6},"end":{"line":14,"column":69}},"6":{"start":{"line":16,"column":24},"end":{"line":16,"column":71}},"7":{"start":{"line":18,"column":4},"end":{"line":22,"column":5}},"8":{"start":{"line":19,"column":6},"end":{"line":21,"column":62}},"9":{"start":{"line":24,"column":17},"end":{"line":24,"column":53}},"10":{"start":{"line":25,"column":4},"end":{"line":25,"column":47}},"11":{"start":{"line":27,"column":4},"end":{"line":29,"column":70}},"12":{"start":{"line":33,"column":35},"end":{"line":43,"column":1}},"13":{"start":{"line":34,"column":17},"end":{"line":34,"column":34}},"14":{"start":{"line":35,"column":22},"end":{"line":35,"column":69}},"15":{"start":{"line":36,"column":21},"end":{"line":36,"column":65}},"16":{"start":{"line":38,"column":2},"end":{"line":40,"column":3}},"17":{"start":{"line":39,"column":4},"end":{"line":39,"column":46}},"18":{"start":{"line":42,"column":2},"end":{"line":42,"column":53}}},"fnMap":{"0":{"name":"(anonymous_0)","decl":{"start":{"line":5,"column":31},"end":{"line":5,"column":32}},"loc":{"start":{"line":5,"column":51},"end":{"line":31,"column":1}},"line":5},"1":{"name":"(anonymous_1)","decl":{"start":{"line":33,"column":35},"end":{"line":33,"column":36}},"loc":{"start":{"line":33,"column":60},"end":{"line":43,"column":1}},"line":33}},"branchMap":{"0":{"loc":{"start":{"line":13,"column":4},"end":{"line":14,"column":69}},"type":"if","locations":[{"start":{"line":13,"column":4},"end":{"line":14,"column":69}},{"start":{},"end":{}}],"line":13},"1":{"loc":{"start":{"line":18,"column":4},"end":{"line":22,"column":5}},"type":"if","locations":[{"start":{"line":18,"column":4},"end":{"line":22,"column":5}},{"start":{},"end":{}}],"line":18},"2":{"loc":{"start":{"line":38,"column":2},"end":{"line":40,"column":3}},"type":"if","locations":[{"start":{"line":38,"column":2},"end":{"line":40,"column":3}},{"start":{},"end":{}}],"line":38}},"s":{"0":8,"1":3,"2":3,"3":3,"4":3,"5":1,"6":2,"7":2,"8":1,"9":1,"10":1,"11":0,"12":8,"13":89,"14":89,"15":89,"16":89,"17":0,"18":89},"f":{"0":3,"1":89},"b":{"0":[1,2],"1":[1,1],"2":[0,89]},"inputSourceMap":null,"_coverageSchema":"1a1c01bbd47fc00a2c39e90264f33305004495a9","hash":"bf5eeed50cb2da4d1497758490d62ed6d84c2b96"}
,"C:\\Users\\deban\\OneDrive\\Desktop\\LFP\\backend\\controllers\\scenarioController.js": {"path":"C:\\Users\\deban\\OneDrive\\Desktop\\LFP\\backend\\controllers\\scenarioController.js","statementMap":{"0":{"start":{"line":5,"column":30},"end":{"line":61,"column":1}},"1":{"start":{"line":6,"column":2},"end":{"line":60,"column":3}},"2":{"start":{"line":7,"column":4},"end":{"line":7,"column":43}},"3":{"start":{"line":19,"column":8},"end":{"line":19,"column":16}},"4":{"start":{"line":21,"column":17},"end":{"line":21,"column":48}},"5":{"start":{"line":22,"column":4},"end":{"line":23,"column":65}},"6":{"start":{"line":23,"column":6},"end":{"line":23,"column":65}},"7":{"start":{"line":25,"column":24},"end":{"line":40,"column":6}},"8":{"start":{"line":42,"column":4},"end":{"line":42,"column":29}},"9":{"start":{"line":44,"column":4},"end":{"line":44,"column":41}},"10":{"start":{"line":45,"column":4},"end":{"line":45,"column":22}},"11":{"start":{"line":47,"column":4},"end":{"line":50,"column":6}},"12":{"start":{"line":52,"column":4},"end":{"line":55,"column":7}},"13":{"start":{"line":57,"column":4},"end":{"line":59,"column":74}},"14":{"start":{"line":63,"column":28},"end":{"line":75,"column":1}},"15":{"start":{"line":64,"column":2},"end":{"line":74,"column":3}},"16":{"start":{"line":65,"column":22},"end":{"line":67,"column":25}},"17":{"start":{"line":69,"column":4},"end":{"line":69,"column":36}},"18":{"start":{"line":71,"column":4},"end":{"line":73,"column":75}},"19":{"start":{"line":77,"column":31},"end":{"line":95,"column":1}},"20":{"start":{"line":78,"column":2},"end":{"line":94,"column":3}},"21":{"start":{"line":79,"column":21},"end":{"line":84,"column":25}},"22":{"start":{"line":86,"column":4},"end":{"line":87,"column":69}},"23":{"start":{"line":87,"column":6},"end":{"line":87,"column":69}},"24":{"start":{"line":89,"column":4},"end":{"line":89,"column":35}},"25":{"start":{"line":91,"column":4},"end":{"line":93,"column":74}},"26":{"start":{"line":97,"column":30},"end":{"line":122,"column":1}},"27":{"start":{"line":98,"column":2},"end":{"line":121,"column":3}},"28":{"start":{"line":99,"column":28},"end":{"line":103,"column":5}},"29":{"start":{"line":105,"column":4},"end":{"line":106,"column":69}},"30":{"start":{"line":106,"column":6},"end":{"line":106,"column":69}},"31":{"start":{"line":108,"column":4},"end":{"line":111,"column":6}},"32":{"start":{"line":113,"column":4},"end":{"line":116,"column":7}},"33":{"start":{"line":118,"column":4},"end":{"line":120,"column":74}},"34":{"start":{"line":124,"column":30},"end":{"line":151,"column":1}},"35":{"start":{"line":125,"column":2},"end":{"line":150,"column":3}},"36":{"start":{"line":126,"column":28},"end":{"line":129,"column":6}},"37":{"start":{"line":131,"column":4},"end":{"line":132,"column":69}},"38":{"start":{"line":132,"column":6},"end":{"line":132,"column":69}},"39":{"start":{"line":134,"column":19},"end":{"line":134,"column":50}},"40":{"start":{"line":135,"column":6},"end":{"line":138,"column":7}},"41":{"start":{"line":136,"column":8},"end":{"line":136,"column":49}},"42":{"start":{"line":137,"column":8},"end":{"line":137,"column":26}},"43":{"start":{"line":140,"column":4},"end":{"line":143,"column":6}},"44":{"start":{"line":145,"column":4},"end":{"line":145,"column":71}},"45":{"start":{"line":147,"column":4},"end":{"line":149,"column":74}}},"fnMap":{"0":{"name":"(anonymous_0)","decl":{"start":{"line":5,"column":30},"end":{"line":5,"column":31}},"loc":{"start":{"line":5,"column":50},"end":{"line":61,"column":1}},"line":5},"1":{"name":"(anonymous_1)","decl":{"start":{"line":63,"column":28},"end":{"line":63,"column":29}},"loc":{"start":{"line":63,"column":48},"end":{"line":75,"column":1}},"line":63},"2":{"name":"(anonymous_2)","decl":{"start":{"line":77,"column":31},"end":{"line":77,"column":32}},"loc":{"start":{"line":77,"column":51},"end":{"line":95,"column":1}},"line":77},"3":{"name":"(anonymous_3)","decl":{"start":{"line":97,"column":30},"end":{"line":97,"column":31}},"loc":{"start":{"line":97,"column":50},"end":{"line":122,"column":1}},"line":97},"4":{"name":"(anonymous_4)","decl":{"start":{"line":124,"column":30},"end":{"line":124,"column":31}},"loc":{"start":{"line":124,"column":50},"end":{"line":151,"column":1}},"line":124}},"branchMap":{"0":{"loc":{"start":{"line":22,"column":4},"end":{"line":23,"column":65}},"type":"if","locations":[{"start":{"line":22,"column":4},"end":{"line":23,"column":65}},{"start":{},"end":{}}],"line":22},"1":{"loc":{"start":{"line":86,"column":4},"end":{"line":87,"column":69}},"type":"if","locations":[{"start":{"line":86,"column":4},"end":{"line":87,"column":69}},{"start":{},"end":{}}],"line":86},"2":{"loc":{"start":{"line":105,"column":4},"end":{"line":106,"column":69}},"type":"if","locations":[{"start":{"line":105,"column":4},"end":{"line":106,"column":69}},{"start":{},"end":{}}],"line":105},"3":{"loc":{"start":{"line":131,"column":4},"end":{"line":132,"column":69}},"type":"if","locations":[{"start":{"line":131,"column":4},"end":{"line":132,"column":69}},{"start":{},"end":{}}],"line":131},"4":{"loc":{"start":{"line":135,"column":6},"end":{"line":138,"column":7}},"type":"if","locations":[{"start":{"line":135,"column":6},"end":{"line":138,"column":7}},{"start":{},"end":{}}],"line":135}},"s":{"0":8,"1":14,"2":14,"3":14,"4":14,"5":14,"6":0,"7":14,"8":14,"9":14,"10":14,"11":14,"12":14,"13":0,"14":8,"15":1,"16":1,"17":1,"18":0,"19":8,"20":1,"21":1,"22":1,"23":0,"24":1,"25":0,"26":8,"27":1,"28":1,"29":1,"30":0,"31":1,"32":1,"33":0,"34":8,"35":1,"36":1,"37":1,"38":0,"39":1,"40":1,"41":1,"42":1,"43":1,"44":1,"45":0},"f":{"0":14,"1":1,"2":1,"3":1,"4":1},"b":{"0":[0,14],"1":[0,1],"2":[0,1],"3":[0,1],"4":[1,0]},"inputSourceMap":null,"_coverageSchema":"1a1c01bbd47fc00a2c39e90264f33305004495a9","hash":"1ad82e485d50d359178ec18be837c4d41f678e33"}
,"C:\\Users\\deban\\OneDrive\\Desktop\\LFP\\backend\\controllers\\sharingController.js": {"path":"C:\\Users\\deban\\OneDrive\\Desktop\\LFP\\backend\\controllers\\sharingController.js","statementMap":{"0":{"start":{"line":9,"column":29},"end":{"line":47,"column":1}},"1":{"start":{"line":10,"column":2},"end":{"line":46,"column":3}},"2":{"start":{"line":11,"column":47},"end":{"line":11,"column":55}},"3":{"start":{"line":13,"column":21},"end":{"line":16,"column":6}},"4":{"start":{"line":17,"column":4},"end":{"line":18,"column":69}},"5":{"start":{"line":18,"column":6},"end":{"line":18,"column":69}},"6":{"start":{"line":20,"column":28},"end":{"line":20,"column":55}},"7":{"start":{"line":21,"column":4},"end":{"line":22,"column":79}},"8":{"start":{"line":22,"column":6},"end":{"line":22,"column":79}},"9":{"start":{"line":24,"column":28},"end":{"line":26,"column":5}},"10":{"start":{"line":25,"column":17},"end":{"line":25,"column":49}},"11":{"start":{"line":28,"column":4},"end":{"line":31,"column":72}},"12":{"start":{"line":29,"column":6},"end":{"line":31,"column":72}},"13":{"start":{"line":33,"column":4},"end":{"line":33,"column":59}},"14":{"start":{"line":34,"column":4},"end":{"line":34,"column":26}},"15":{"start":{"line":36,"column":4},"end":{"line":39,"column":6}},"16":{"start":{"line":41,"column":4},"end":{"line":41,"column":70}},"17":{"start":{"line":43,"column":4},"end":{"line":45,"column":73}},"18":{"start":{"line":49,"column":30},"end":{"line":89,"column":1}},"19":{"start":{"line":50,"column":2},"end":{"line":88,"column":3}},"20":{"start":{"line":51,"column":27},"end":{"line":51,"column":37}},"21":{"start":{"line":53,"column":4},"end":{"line":53,"column":52}},"22":{"start":{"line":55,"column":21},"end":{"line":60,"column":25}},"23":{"start":{"line":61,"column":4},"end":{"line":62,"column":69}},"24":{"start":{"line":62,"column":6},"end":{"line":62,"column":69}},"25":{"start":{"line":64,"column":21},"end":{"line":64,"column":51}},"26":{"start":{"line":65,"column":21},"end":{"line":65,"column":58}},"27":{"start":{"line":67,"column":4},"end":{"line":69,"column":5}},"28":{"start":{"line":68,"column":6},"end":{"line":68,"column":30}},"29":{"start":{"line":71,"column":4},"end":{"line":71,"column":49}},"30":{"start":{"line":73,"column":4},"end":{"line":73,"column":71}},"31":{"start":{"line":75,"column":4},"end":{"line":83,"column":7}},"32":{"start":{"line":76,"column":6},"end":{"line":82,"column":7}},"33":{"start":{"line":77,"column":8},"end":{"line":79,"column":77}},"34":{"start":{"line":81,"column":8},"end":{"line":81,"column":32}},"35":{"start":{"line":85,"column":4},"end":{"line":87,"column":75}},"36":{"start":{"line":92,"column":2},"end":{"line":92,"column":51}},"37":{"start":{"line":92,"column":26},"end":{"line":92,"column":51}},"38":{"start":{"line":93,"column":2},"end":{"line":98,"column":3}},"39":{"start":{"line":94,"column":29},"end":{"line":94,"column":32}},"40":{"start":{"line":95,"column":20},"end":{"line":95,"column":22}},"41":{"start":{"line":96,"column":4},"end":{"line":96,"column":63}},"42":{"start":{"line":96,"column":28},"end":{"line":96,"column":63}},"43":{"start":{"line":97,"column":4},"end":{"line":97,"column":19}},"44":{"start":{"line":99,"column":2},"end":{"line":99,"column":13}},"45":{"start":{"line":102,"column":30},"end":{"line":236,"column":1}},"46":{"start":{"line":103,"column":2},"end":{"line":235,"column":3}},"47":{"start":{"line":104,"column":21},"end":{"line":104,"column":34}},"48":{"start":{"line":105,"column":24},"end":{"line":105,"column":57}},"49":{"start":{"line":106,"column":23},"end":{"line":106,"column":45}},"50":{"start":{"line":107,"column":4},"end":{"line":107,"column":28}},"51":{"start":{"line":110,"column":25},"end":{"line":110,"column":58}},"52":{"start":{"line":111,"column":4},"end":{"line":113,"column":5}},"53":{"start":{"line":112,"column":6},"end":{"line":112,"column":69}},"54":{"start":{"line":116,"column":26},"end":{"line":116,"column":35}},"55":{"start":{"line":117,"column":4},"end":{"line":148,"column":5}},"56":{"start":{"line":118,"column":6},"end":{"line":147,"column":8}},"57":{"start":{"line":120,"column":10},"end":{"line":145,"column":11}},"58":{"start":{"line":121,"column":27},"end":{"line":130,"column":14}},"59":{"start":{"line":133,"column":29},"end":{"line":133,"column":33}},"60":{"start":{"line":134,"column":12},"end":{"line":140,"column":13}},"61":{"start":{"line":135,"column":14},"end":{"line":135,"column":70}},"62":{"start":{"line":136,"column":19},"end":{"line":140,"column":13}},"63":{"start":{"line":137,"column":14},"end":{"line":137,"column":63}},"64":{"start":{"line":138,"column":19},"end":{"line":140,"column":13}},"65":{"start":{"line":139,"column":14},"end":{"line":139,"column":47}},"66":{"start":{"line":142,"column":12},"end":{"line":144,"column":13}},"67":{"start":{"line":143,"column":14},"end":{"line":143,"column":56}},"68":{"start":{"line":151,"column":24},"end":{"line":181,"column":6}},"69":{"start":{"line":169,"column":29},"end":{"line":169,"column":33}},"70":{"start":{"line":170,"column":12},"end":{"line":174,"column":13}},"71":{"start":{"line":171,"column":14},"end":{"line":171,"column":70}},"72":{"start":{"line":172,"column":19},"end":{"line":174,"column":13}},"73":{"start":{"line":173,"column":14},"end":{"line":173,"column":43}},"74":{"start":{"line":175,"column":12},"end":{"line":178,"column":14}},"75":{"start":{"line":184,"column":4},"end":{"line":220,"column":5}},"76":{"start":{"line":185,"column":6},"end":{"line":219,"column":8}},"77":{"start":{"line":187,"column":28},"end":{"line":191,"column":11}},"78":{"start":{"line":194,"column":10},"end":{"line":215,"column":11}},"79":{"start":{"line":195,"column":12},"end":{"line":214,"column":14}},"80":{"start":{"line":197,"column":33},"end":{"line":197,"column":37}},"81":{"start":{"line":199,"column":16},"end":{"line":207,"column":17}},"82":{"start":{"line":200,"column":18},"end":{"line":200,"column":80}},"83":{"start":{"line":201,"column":23},"end":{"line":207,"column":17}},"84":{"start":{"line":204,"column":18},"end":{"line":204,"column":76}},"85":{"start":{"line":205,"column":23},"end":{"line":207,"column":17}},"86":{"start":{"line":206,"column":18},"end":{"line":206,"column":53}},"87":{"start":{"line":209,"column":16},"end":{"line":212,"column":18}},"88":{"start":{"line":217,"column":10},"end":{"line":217,"column":40}},"89":{"start":{"line":222,"column":4},"end":{"line":226,"column":7}},"90":{"start":{"line":228,"column":4},"end":{"line":228,"column":42}},"91":{"start":{"line":229,"column":4},"end":{"line":234,"column":7}}},"fnMap":{"0":{"name":"(anonymous_0)","decl":{"start":{"line":9,"column":29},"end":{"line":9,"column":30}},"loc":{"start":{"line":9,"column":49},"end":{"line":47,"column":1}},"line":9},"1":{"name":"(anonymous_1)","decl":{"start":{"line":25,"column":6},"end":{"line":25,"column":7}},"loc":{"start":{"line":25,"column":17},"end":{"line":25,"column":49}},"line":25},"2":{"name":"(anonymous_2)","decl":{"start":{"line":49,"column":30},"end":{"line":49,"column":31}},"loc":{"start":{"line":49,"column":50},"end":{"line":89,"column":1}},"line":49},"3":{"name":"(anonymous_3)","decl":{"start":{"line":75,"column":70},"end":{"line":75,"column":71}},"loc":{"start":{"line":75,"column":79},"end":{"line":83,"column":5}},"line":75},"4":{"name":"stripIds","decl":{"start":{"line":91,"column":9},"end":{"line":91,"column":17}},"loc":{"start":{"line":91,"column":23},"end":{"line":100,"column":1}},"line":91},"5":{"name":"(anonymous_5)","decl":{"start":{"line":102,"column":30},"end":{"line":102,"column":31}},"loc":{"start":{"line":102,"column":50},"end":{"line":236,"column":1}},"line":102},"6":{"name":"(anonymous_6)","decl":{"start":{"line":119,"column":41},"end":{"line":119,"column":42}},"loc":{"start":{"line":119,"column":57},"end":{"line":146,"column":9}},"line":119},"7":{"name":"(anonymous_7)","decl":{"start":{"line":168,"column":43},"end":{"line":168,"column":44}},"loc":{"start":{"line":168,"column":53},"end":{"line":179,"column":11}},"line":168},"8":{"name":"(anonymous_8)","decl":{"start":{"line":186,"column":32},"end":{"line":186,"column":33}},"loc":{"start":{"line":186,"column":49},"end":{"line":218,"column":9}},"line":186},"9":{"name":"(anonymous_9)","decl":{"start":{"line":196,"column":14},"end":{"line":196,"column":15}},"loc":{"start":{"line":196,"column":30},"end":{"line":213,"column":15}},"line":196}},"branchMap":{"0":{"loc":{"start":{"line":17,"column":4},"end":{"line":18,"column":69}},"type":"if","locations":[{"start":{"line":17,"column":4},"end":{"line":18,"column":69}},{"start":{},"end":{}}],"line":17},"1":{"loc":{"start":{"line":21,"column":4},"end":{"line":22,"column":79}},"type":"if","locations":[{"start":{"line":21,"column":4},"end":{"line":22,"column":79}},{"start":{},"end":{}}],"line":21},"2":{"loc":{"start":{"line":28,"column":4},"end":{"line":31,"column":72}},"type":"if","locations":[{"start":{"line":28,"column":4},"end":{"line":31,"column":72}},{"start":{},"end":{}}],"line":28},"3":{"loc":{"start":{"line":61,"column":4},"end":{"line":62,"column":69}},"type":"if","locations":[{"start":{"line":61,"column":4},"end":{"line":62,"column":69}},{"start":{},"end":{}}],"line":61},"4":{"loc":{"start":{"line":67,"column":4},"end":{"line":69,"column":5}},"type":"if","locations":[{"start":{"line":67,"column":4},"end":{"line":69,"column":5}},{"start":{},"end":{}}],"line":67},"5":{"loc":{"start":{"line":76,"column":6},"end":{"line":82,"column":7}},"type":"if","locations":[{"start":{"line":76,"column":6},"end":{"line":82,"column":7}},{"start":{"line":80,"column":13},"end":{"line":82,"column":7}}],"line":76},"6":{"loc":{"start":{"line":92,"column":2},"end":{"line":92,"column":51}},"type":"if","locations":[{"start":{"line":92,"column":2},"end":{"line":92,"column":51}},{"start":{},"end":{}}],"line":92},"7":{"loc":{"start":{"line":93,"column":2},"end":{"line":98,"column":3}},"type":"if","locations":[{"start":{"line":93,"column":2},"end":{"line":98,"column":3}},{"start":{},"end":{}}],"line":93},"8":{"loc":{"start":{"line":93,"column":6},"end":{"line":93,"column":36}},"type":"binary-expr","locations":[{"start":{"line":93,"column":6},"end":{"line":93,"column":9}},{"start":{"line":93,"column":13},"end":{"line":93,"column":36}}],"line":93},"9":{"loc":{"start":{"line":110,"column":25},"end":{"line":110,"column":58}},"type":"binary-expr","locations":[{"start":{"line":110,"column":25},"end":{"line":110,"column":44}},{"start":{"line":110,"column":48},"end":{"line":110,"column":58}}],"line":110},"10":{"loc":{"start":{"line":111,"column":4},"end":{"line":113,"column":5}},"type":"if","locations":[{"start":{"line":111,"column":4},"end":{"line":113,"column":5}},{"start":{},"end":{}}],"line":111},"11":{"loc":{"start":{"line":117,"column":4},"end":{"line":148,"column":5}},"type":"if","locations":[{"start":{"line":117,"column":4},"end":{"line":148,"column":5}},{"start":{},"end":{}}],"line":117},"12":{"loc":{"start":{"line":120,"column":10},"end":{"line":145,"column":11}},"type":"if","locations":[{"start":{"line":120,"column":10},"end":{"line":145,"column":11}},{"start":{},"end":{}}],"line":120},"13":{"loc":{"start":{"line":134,"column":12},"end":{"line":140,"column":13}},"type":"if","locations":[{"start":{"line":134,"column":12},"end":{"line":140,"column":13}},{"start":{"line":136,"column":19},"end":{"line":140,"column":13}}],"line":134},"14":{"loc":{"start":{"line":136,"column":19},"end":{"line":140,"column":13}},"type":"if","locations":[{"start":{"line":136,"column":19},"end":{"line":140,"column":13}},{"start":{"line":138,"column":19},"end":{"line":140,"column":13}}],"line":136},"15":{"loc":{"start":{"line":138,"column":19},"end":{"line":140,"column":13}},"type":"if","locations":[{"start":{"line":138,"column":19},"end":{"line":140,"column":13}},{"start":{},"end":{}}],"line":138},"16":{"loc":{"start":{"line":142,"column":12},"end":{"line":144,"column":13}},"type":"if","locations":[{"start":{"line":142,"column":12},"end":{"line":144,"column":13}},{"start":{},"end":{}}],"line":142},"17":{"loc":{"start":{"line":152,"column":12},"end":{"line":152,"column":52}},"type":"binary-expr","locations":[{"start":{"line":152,"column":12},"end":{"line":152,"column":29}},{"start":{"line":152,"column":33},"end":{"line":152,"column":52}}],"line":152},"18":{"loc":{"start":{"line":153,"column":12},"end":{"line":153,"column":45}},"type":"binary-expr","locations":[{"start":{"line":153,"column":12},"end":{"line":153,"column":29}},{"start":{"line":153,"column":33},"end":{"line":153,"column":45}}],"line":153},"19":{"loc":{"start":{"line":156,"column":21},"end":{"line":156,"column":52}},"type":"binary-expr","locations":[{"start":{"line":156,"column":21},"end":{"line":156,"column":47}},{"start":{"line":156,"column":51},"end":{"line":156,"column":52}}],"line":156},"20":{"loc":{"start":{"line":157,"column":27},"end":{"line":157,"column":66}},"type":"binary-expr","locations":[{"start":{"line":157,"column":27},"end":{"line":157,"column":59}},{"start":{"line":157,"column":63},"end":{"line":157,"column":66}}],"line":157},"21":{"loc":{"start":{"line":158,"column":24},"end":{"line":158,"column":79}},"type":"binary-expr","locations":[{"start":{"line":158,"column":24},"end":{"line":158,"column":53}},{"start":{"line":158,"column":57},"end":{"line":158,"column":79}}],"line":158},"22":{"loc":{"start":{"line":159,"column":26},"end":{"line":159,"column":66}},"type":"binary-expr","locations":[{"start":{"line":159,"column":26},"end":{"line":159,"column":57}},{"start":{"line":159,"column":61},"end":{"line":159,"column":66}}],"line":159},"23":{"loc":{"start":{"line":161,"column":30},"end":{"line":165,"column":7}},"type":"binary-expr","locations":[{"start":{"line":161,"column":30},"end":{"line":161,"column":65}},{"start":{"line":161,"column":69},"end":{"line":165,"column":7}}],"line":161},"24":{"loc":{"start":{"line":166,"column":19},"end":{"line":166,"column":64}},"type":"binary-expr","locations":[{"start":{"line":166,"column":19},"end":{"line":166,"column":43}},{"start":{"line":166,"column":47},"end":{"line":166,"column":64}}],"line":166},"25":{"loc":{"start":{"line":167,"column":23},"end":{"line":180,"column":12}},"type":"cond-expr","locations":[{"start":{"line":168,"column":10},"end":{"line":179,"column":12}},{"start":{"line":180,"column":10},"end":{"line":180,"column":12}}],"line":167},"26":{"loc":{"start":{"line":170,"column":12},"end":{"line":174,"column":13}},"type":"if","locations":[{"start":{"line":170,"column":12},"end":{"line":174,"column":13}},{"start":{"line":172,"column":19},"end":{"line":174,"column":13}}],"line":170},"27":{"loc":{"start":{"line":172,"column":19},"end":{"line":174,"column":13}},"type":"if","locations":[{"start":{"line":172,"column":19},"end":{"line":174,"column":13}},{"start":{},"end":{}}],"line":172},"28":{"loc":{"start":{"line":184,"column":4},"end":{"line":220,"column":5}},"type":"if","locations":[{"start":{"line":184,"column":4},"end":{"line":220,"column":5}},{"start":{},"end":{}}],"line":184},"29":{"loc":{"start":{"line":194,"column":10},"end":{"line":215,"column":11}},"type":"if","locations":[{"start":{"line":194,"column":10},"end":{"line":215,"column":11}},{"start":{},"end":{}}],"line":194},"30":{"loc":{"start":{"line":199,"column":16},"end":{"line":207,"column":17}},"type":"if","locations":[{"start":{"line":199,"column":16},"end":{"line":207,"column":17}},{"start":{"line":201,"column":23},"end":{"line":207,"column":17}}],"line":199},"31":{"loc":{"start":{"line":201,"column":23},"end":{"line":207,"column":17}},"type":"if","locations":[{"start":{"line":201,"column":23},"end":{"line":207,"column":17}},{"start":{"line":205,"column":23},"end":{"line":207,"column":17}}],"line":201},"32":{"loc":{"start":{"line":205,"column":23},"end":{"line":207,"column":17}},"type":"if","locations":[{"start":{"line":205,"column":23},"end":{"line":207,"column":17}},{"start":{},"end":{}}],"line":205},"33":{"loc":{"start":{"line":233,"column":13},"end":{"line":233,"column":77}},"type":"cond-expr","locations":[{"start":{"line":233,"column":54},"end":{"line":233,"column":65}},{"start":{"line":233,"column":68},"end":{"line":233,"column":77}}],"line":233}},"s":{"0":8,"1":0,"2":0,"3":0,"4":0,"5":0,"6":0,"7":0,"8":0,"9":0,"10":0,"11":0,"12":0,"13":0,"14":0,"15":0,"16":0,"17":0,"18":8,"19":0,"20":0,"21":0,"22":0,"23":0,"24":0,"25":0,"26":0,"27":0,"28":0,"29":0,"30":0,"31":0,"32":0,"33":0,"34":0,"35":0,"36":0,"37":0,"38":0,"39":0,"40":0,"41":0,"42":0,"43":0,"44":0,"45":8,"46":0,"47":0,"48":0,"49":0,"50":0,"51":0,"52":0,"53":0,"54":0,"55":0,"56":0,"57":0,"58":0,"59":0,"60":0,"61":0,"62":0,"63":0,"64":0,"65":0,"66":0,"67":0,"68":0,"69":0,"70":0,"71":0,"72":0,"73":0,"74":0,"75":0,"76":0,"77":0,"78":0,"79":0,"80":0,"81":0,"82":0,"83":0,"84":0,"85":0,"86":0,"87":0,"88":0,"89":0,"90":0,"91":0},"f":{"0":0,"1":0,"2":0,"3":0,"4":0,"5":0,"6":0,"7":0,"8":0,"9":0},"b":{"0":[0,0],"1":[0,0],"2":[0,0],"3":[0,0],"4":[0,0],"5":[0,0],"6":[0,0],"7":[0,0],"8":[0,0],"9":[0,0],"10":[0,0],"11":[0,0],"12":[0,0],"13":[0,0],"14":[0,0],"15":[0,0],"16":[0,0],"17":[0,0],"18":[0,0],"19":[0,0],"20":[0,0],"21":[0,0],"22":[0,0],"23":[0,0],"24":[0,0],"25":[0,0],"26":[0,0],"27":[0,0],"28":[0,0],"29":[0,0],"30":[0,0],"31":[0,0],"32":[0,0],"33":[0,0]},"inputSourceMap":null,"_coverageSchema":"1a1c01bbd47fc00a2c39e90264f33305004495a9","hash":"124dfc907f772656b786820cc1bdfcc251b90bb2"}
,"C:\\Users\\deban\\OneDrive\\Desktop\\LFP\\backend\\controllers\\simulationController.js": {"path":"C:\\Users\\deban\\OneDrive\\Desktop\\LFP\\backend\\controllers\\simulationController.js","statementMap":{"0":{"start":{"line":6,"column":19},"end":{"line":9,"column":1}},"1":{"start":{"line":7,"column":14},"end":{"line":7,"column":31}},"2":{"start":{"line":8,"column":2},"end":{"line":8,"column":41}},"3":{"start":{"line":11,"column":22},"end":{"line":21,"column":1}},"4":{"start":{"line":12,"column":18},"end":{"line":12,"column":34}},"5":{"start":{"line":13,"column":20},"end":{"line":13,"column":38}},"6":{"start":{"line":14,"column":19},"end":{"line":14,"column":36}},"7":{"start":{"line":15,"column":23},"end":{"line":15,"column":44}},"8":{"start":{"line":16,"column":2},"end":{"line":20,"column":4}},"9":{"start":{"line":23,"column":23},"end":{"line":28,"column":1}},"10":{"start":{"line":24,"column":10},"end":{"line":24,"column":11}},"11":{"start":{"line":24,"column":17},"end":{"line":24,"column":18}},"12":{"start":{"line":25,"column":2},"end":{"line":25,"column":36}},"13":{"start":{"line":25,"column":18},"end":{"line":25,"column":36}},"14":{"start":{"line":26,"column":2},"end":{"line":26,"column":36}},"15":{"start":{"line":26,"column":18},"end":{"line":26,"column":36}},"16":{"start":{"line":27,"column":2},"end":{"line":27,"column":69}},"17":{"start":{"line":30,"column":33},"end":{"line":34,"column":1}},"18":{"start":{"line":31,"column":16},"end":{"line":31,"column":62}},"19":{"start":{"line":32,"column":22},"end":{"line":32,"column":51}},"20":{"start":{"line":33,"column":2},"end":{"line":33,"column":54}},"21":{"start":{"line":36,"column":21},"end":{"line":45,"column":1}},"22":{"start":{"line":37,"column":2},"end":{"line":37,"column":47}},"23":{"start":{"line":37,"column":38},"end":{"line":37,"column":47}},"24":{"start":{"line":38,"column":14},"end":{"line":38,"column":39}},"25":{"start":{"line":39,"column":2},"end":{"line":39,"column":25}},"26":{"start":{"line":39,"column":16},"end":{"line":39,"column":25}},"27":{"start":{"line":40,"column":18},"end":{"line":40,"column":54}},"28":{"start":{"line":41,"column":25},"end":{"line":41,"column":72}},"29":{"start":{"line":42,"column":20},"end":{"line":42,"column":44}},"30":{"start":{"line":43,"column":2},"end":{"line":43,"column":51}},"31":{"start":{"line":44,"column":2},"end":{"line":44,"column":19}},"32":{"start":{"line":47,"column":35},"end":{"line":60,"column":1}},"33":{"start":{"line":48,"column":2},"end":{"line":48,"column":58}},"34":{"start":{"line":48,"column":49},"end":{"line":48,"column":58}},"35":{"start":{"line":49,"column":2},"end":{"line":53,"column":13}},"36":{"start":{"line":53,"column":4},"end":{"line":53,"column":13}},"37":{"start":{"line":54,"column":17},"end":{"line":57,"column":3}},"38":{"start":{"line":58,"column":2},"end":{"line":58,"column":59}},"39":{"start":{"line":59,"column":2},"end":{"line":59,"column":16}},"40":{"start":{"line":62,"column":25},"end":{"line":69,"column":1}},"41":{"start":{"line":63,"column":2},"end":{"line":66,"column":3}},"42":{"start":{"line":64,"column":16},"end":{"line":64,"column":52}},"43":{"start":{"line":65,"column":4},"end":{"line":65,"column":45}},"44":{"start":{"line":67,"column":14},"end":{"line":67,"column":51}},"45":{"start":{"line":68,"column":2},"end":{"line":68,"column":43}},"46":{"start":{"line":71,"column":21},"end":{"line":83,"column":1}},"47":{"start":{"line":72,"column":22},"end":{"line":72,"column":61}},"48":{"start":{"line":73,"column":12},"end":{"line":73,"column":13}},"49":{"start":{"line":74,"column":2},"end":{"line":81,"column":3}},"50":{"start":{"line":74,"column":15},"end":{"line":74,"column":16}},"51":{"start":{"line":75,"column":32},"end":{"line":75,"column":46}},"52":{"start":{"line":76,"column":26},"end":{"line":76,"column":67}},"53":{"start":{"line":77,"column":4},"end":{"line":80,"column":5}},"54":{"start":{"line":78,"column":26},"end":{"line":78,"column":76}},"55":{"start":{"line":79,"column":6},"end":{"line":79,"column":32}},"56":{"start":{"line":82,"column":2},"end":{"line":82,"column":13}},"57":{"start":{"line":85,"column":17},"end":{"line":85,"column":48}},"58":{"start":{"line":85,"column":27},"end":{"line":85,"column":47}},"59":{"start":{"line":337,"column":24},"end":{"line":341,"column":1}},"60":{"start":{"line":338,"column":2},"end":{"line":340,"column":24}},"61":{"start":{"line":343,"column":23},"end":{"line":352,"column":1}},"62":{"start":{"line":344,"column":2},"end":{"line":351,"column":4}},"63":{"start":{"line":345,"column":39},"end":{"line":345,"column":58}},"64":{"start":{"line":346,"column":43},"end":{"line":346,"column":83}},"65":{"start":{"line":347,"column":40},"end":{"line":347,"column":79}},"66":{"start":{"line":348,"column":39},"end":{"line":348,"column":62}},"67":{"start":{"line":349,"column":42},"end":{"line":349,"column":64}},"68":{"start":{"line":350,"column":40},"end":{"line":350,"column":64}},"69":{"start":{"line":354,"column":24},"end":{"line":365,"column":1}},"70":{"start":{"line":355,"column":2},"end":{"line":364,"column":8}},"71":{"start":{"line":356,"column":19},"end":{"line":356,"column":37}},"72":{"start":{"line":357,"column":4},"end":{"line":357,"column":74}},"73":{"start":{"line":357,"column":63},"end":{"line":357,"column":74}},"74":{"start":{"line":359,"column":17},"end":{"line":359,"column":71}},"75":{"start":{"line":360,"column":4},"end":{"line":362,"column":5}},"76":{"start":{"line":361,"column":6},"end":{"line":361,"column":43}},"77":{"start":{"line":363,"column":4},"end":{"line":363,"column":24}},"78":{"start":{"line":367,"column":26},"end":{"line":378,"column":1}},"79":{"start":{"line":368,"column":2},"end":{"line":377,"column":8}},"80":{"start":{"line":369,"column":19},"end":{"line":369,"column":37}},"81":{"start":{"line":370,"column":4},"end":{"line":370,"column":74}},"82":{"start":{"line":370,"column":63},"end":{"line":370,"column":74}},"83":{"start":{"line":372,"column":17},"end":{"line":372,"column":71}},"84":{"start":{"line":373,"column":4},"end":{"line":375,"column":5}},"85":{"start":{"line":374,"column":6},"end":{"line":374,"column":43}},"86":{"start":{"line":376,"column":4},"end":{"line":376,"column":24}},"87":{"start":{"line":380,"column":19},"end":{"line":387,"column":1}},"88":{"start":{"line":381,"column":19},"end":{"line":384,"column":5}},"89":{"start":{"line":381,"column":83},"end":{"line":384,"column":3}},"90":{"start":{"line":385,"column":20},"end":{"line":385,"column":67}},"91":{"start":{"line":386,"column":2},"end":{"line":386,"column":51}},"92":{"start":{"line":389,"column":27},"end":{"line":402,"column":1}},"93":{"start":{"line":390,"column":2},"end":{"line":401,"column":5}},"94":{"start":{"line":391,"column":27},"end":{"line":391,"column":75}},"95":{"start":{"line":392,"column":23},"end":{"line":392,"column":67}},"96":{"start":{"line":393,"column":19},"end":{"line":393,"column":89}},"97":{"start":{"line":395,"column":18},"end":{"line":397,"column":5}},"98":{"start":{"line":396,"column":13},"end":{"line":396,"column":64}},"99":{"start":{"line":398,"column":4},"end":{"line":398,"column":50}},"100":{"start":{"line":398,"column":15},"end":{"line":398,"column":50}},"101":{"start":{"line":400,"column":4},"end":{"line":400,"column":46}},"102":{"start":{"line":404,"column":31},"end":{"line":410,"column":1}},"103":{"start":{"line":405,"column":21},"end":{"line":405,"column":88}},"104":{"start":{"line":405,"column":52},"end":{"line":405,"column":84}},"105":{"start":{"line":406,"column":2},"end":{"line":409,"column":5}},"106":{"start":{"line":407,"column":18},"end":{"line":407,"column":64}},"107":{"start":{"line":408,"column":4},"end":{"line":408,"column":71}},"108":{"start":{"line":412,"column":22},"end":{"line":423,"column":1}},"109":{"start":{"line":413,"column":2},"end":{"line":421,"column":3}},"110":{"start":{"line":414,"column":4},"end":{"line":420,"column":5}},"111":{"start":{"line":415,"column":6},"end":{"line":415,"column":34}},"112":{"start":{"line":416,"column":6},"end":{"line":416,"column":12}},"113":{"start":{"line":418,"column":6},"end":{"line":418,"column":34}},"114":{"start":{"line":419,"column":6},"end":{"line":419,"column":27}},"115":{"start":{"line":422,"column":2},"end":{"line":422,"column":19}},"116":{"start":{"line":425,"column":39},"end":{"line":549,"column":1}},"117":{"start":{"line":426,"column":2},"end":{"line":548,"column":3}},"118":{"start":{"line":427,"column":46},"end":{"line":427,"column":54}},"119":{"start":{"line":428,"column":21},"end":{"line":428,"column":66}},"120":{"start":{"line":430,"column":4},"end":{"line":430,"column":82}},"121":{"start":{"line":430,"column":19},"end":{"line":430,"column":82}},"122":{"start":{"line":432,"column":20},"end":{"line":432,"column":63}},"123":{"start":{"line":433,"column":25},"end":{"line":433,"column":61}},"124":{"start":{"line":434,"column":24},"end":{"line":434,"column":48}},"125":{"start":{"line":435,"column":20},"end":{"line":435,"column":57}},"126":{"start":{"line":444,"column":8},"end":{"line":444,"column":39}},"127":{"start":{"line":446,"column":29},"end":{"line":446,"column":31}},"128":{"start":{"line":447,"column":4},"end":{"line":449,"column":5}},"129":{"start":{"line":447,"column":17},"end":{"line":447,"column":28}},"130":{"start":{"line":448,"column":6},"end":{"line":448,"column":84}},"131":{"start":{"line":451,"column":30},"end":{"line":451,"column":32}},"132":{"start":{"line":452,"column":25},"end":{"line":452,"column":26}},"133":{"start":{"line":454,"column":4},"end":{"line":520,"column":5}},"134":{"start":{"line":454,"column":17},"end":{"line":454,"column":18}},"135":{"start":{"line":455,"column":32},"end":{"line":458,"column":9}},"136":{"start":{"line":455,"column":69},"end":{"line":458,"column":7}},"137":{"start":{"line":460,"column":26},"end":{"line":460,"column":28}},"138":{"start":{"line":462,"column":6},"end":{"line":514,"column":7}},"139":{"start":{"line":462,"column":22},"end":{"line":462,"column":33}},"140":{"start":{"line":463,"column":23},"end":{"line":463,"column":75}},"141":{"start":{"line":464,"column":29},"end":{"line":464,"column":87}},"142":{"start":{"line":465,"column":26},"end":{"line":465,"column":81}},"143":{"start":{"line":466,"column":31},"end":{"line":466,"column":78}},"144":{"start":{"line":467,"column":32},"end":{"line":467,"column":81}},"145":{"start":{"line":467,"column":60},"end":{"line":467,"column":80}},"146":{"start":{"line":469,"column":20},"end":{"line":469,"column":48}},"147":{"start":{"line":470,"column":21},"end":{"line":470,"column":63}},"148":{"start":{"line":472,"column":26},"end":{"line":472,"column":38}},"149":{"start":{"line":474,"column":34},"end":{"line":474,"column":46}},"150":{"start":{"line":475,"column":8},"end":{"line":479,"column":9}},"151":{"start":{"line":476,"column":29},"end":{"line":476,"column":51}},"152":{"start":{"line":477,"column":10},"end":{"line":478,"column":89}},"153":{"start":{"line":481,"column":20},"end":{"line":481,"column":73}},"154":{"start":{"line":482,"column":26},"end":{"line":482,"column":43}},"155":{"start":{"line":483,"column":28},"end":{"line":483,"column":52}},"156":{"start":{"line":485,"column":8},"end":{"line":485,"column":87}},"157":{"start":{"line":487,"column":8},"end":{"line":489,"column":9}},"158":{"start":{"line":488,"column":10},"end":{"line":488,"column":92}},"159":{"start":{"line":491,"column":8},"end":{"line":493,"column":9}},"160":{"start":{"line":492,"column":10},"end":{"line":492,"column":92}},"161":{"start":{"line":495,"column":35},"end":{"line":495,"column":102}},"162":{"start":{"line":495,"column":76},"end":{"line":495,"column":98}},"163":{"start":{"line":497,"column":8},"end":{"line":497,"column":64}},"164":{"start":{"line":498,"column":8},"end":{"line":498,"column":68}},"165":{"start":{"line":499,"column":8},"end":{"line":499,"column":82}},"166":{"start":{"line":501,"column":8},"end":{"line":513,"column":10}},"167":{"start":{"line":516,"column":24},"end":{"line":516,"column":46}},"168":{"start":{"line":517,"column":6},"end":{"line":517,"column":84}},"169":{"start":{"line":517,"column":67},"end":{"line":517,"column":84}},"170":{"start":{"line":519,"column":6},"end":{"line":519,"column":44}},"171":{"start":{"line":522,"column":33},"end":{"line":522,"column":35}},"172":{"start":{"line":523,"column":4},"end":{"line":529,"column":5}},"173":{"start":{"line":523,"column":20},"end":{"line":523,"column":31}},"174":{"start":{"line":524,"column":6},"end":{"line":528,"column":8}},"175":{"start":{"line":531,"column":22},"end":{"line":536,"column":7}},"176":{"start":{"line":531,"column":82},"end":{"line":536,"column":5}},"177":{"start":{"line":538,"column":31},"end":{"line":538,"column":66}},"178":{"start":{"line":539,"column":4},"end":{"line":539,"column":47}},"179":{"start":{"line":541,"column":4},"end":{"line":544,"column":7}},"180":{"start":{"line":546,"column":4},"end":{"line":546,"column":46}},"181":{"start":{"line":547,"column":4},"end":{"line":547,"column":54}},"182":{"start":{"line":552,"column":36},"end":{"line":571,"column":1}},"183":{"start":{"line":553,"column":2},"end":{"line":570,"column":3}},"184":{"start":{"line":554,"column":19},"end":{"line":554,"column":29}},"185":{"start":{"line":555,"column":29},"end":{"line":555,"column":72}},"186":{"start":{"line":557,"column":4},"end":{"line":558,"column":79}},"187":{"start":{"line":558,"column":6},"end":{"line":558,"column":79}},"188":{"start":{"line":560,"column":4},"end":{"line":560,"column":43}},"189":{"start":{"line":562,"column":4},"end":{"line":565,"column":6}},"190":{"start":{"line":566,"column":4},"end":{"line":569,"column":7}}},"fnMap":{"0":{"name":"(anonymous_0)","decl":{"start":{"line":6,"column":19},"end":{"line":6,"column":20}},"loc":{"start":{"line":6,"column":48},"end":{"line":9,"column":1}},"line":6},"1":{"name":"(anonymous_1)","decl":{"start":{"line":11,"column":22},"end":{"line":11,"column":23}},"loc":{"start":{"line":11,"column":62},"end":{"line":21,"column":1}},"line":11},"2":{"name":"(anonymous_2)","decl":{"start":{"line":23,"column":23},"end":{"line":23,"column":24}},"loc":{"start":{"line":23,"column":29},"end":{"line":28,"column":1}},"line":23},"3":{"name":"(anonymous_3)","decl":{"start":{"line":30,"column":33},"end":{"line":30,"column":34}},"loc":{"start":{"line":30,"column":79},"end":{"line":34,"column":1}},"line":30},"4":{"name":"(anonymous_4)","decl":{"start":{"line":36,"column":21},"end":{"line":36,"column":22}},"loc":{"start":{"line":36,"column":41},"end":{"line":45,"column":1}},"line":36},"5":{"name":"(anonymous_5)","decl":{"start":{"line":47,"column":35},"end":{"line":47,"column":36}},"loc":{"start":{"line":47,"column":55},"end":{"line":60,"column":1}},"line":47},"6":{"name":"(anonymous_6)","decl":{"start":{"line":62,"column":25},"end":{"line":62,"column":26}},"loc":{"start":{"line":62,"column":41},"end":{"line":69,"column":1}},"line":62},"7":{"name":"(anonymous_7)","decl":{"start":{"line":71,"column":21},"end":{"line":71,"column":22}},"loc":{"start":{"line":71,"column":74},"end":{"line":83,"column":1}},"line":71},"8":{"name":"(anonymous_8)","decl":{"start":{"line":85,"column":17},"end":{"line":85,"column":18}},"loc":{"start":{"line":85,"column":27},"end":{"line":85,"column":47}},"line":85},"9":{"name":"(anonymous_9)","decl":{"start":{"line":337,"column":24},"end":{"line":337,"column":25}},"loc":{"start":{"line":337,"column":54},"end":{"line":341,"column":1}},"line":337},"10":{"name":"(anonymous_10)","decl":{"start":{"line":343,"column":23},"end":{"line":343,"column":24}},"loc":{"start":{"line":343,"column":35},"end":{"line":352,"column":1}},"line":343},"11":{"name":"(anonymous_11)","decl":{"start":{"line":345,"column":32},"end":{"line":345,"column":33}},"loc":{"start":{"line":345,"column":39},"end":{"line":345,"column":58}},"line":345},"12":{"name":"(anonymous_12)","decl":{"start":{"line":346,"column":36},"end":{"line":346,"column":37}},"loc":{"start":{"line":346,"column":43},"end":{"line":346,"column":83}},"line":346},"13":{"name":"(anonymous_13)","decl":{"start":{"line":347,"column":33},"end":{"line":347,"column":34}},"loc":{"start":{"line":347,"column":40},"end":{"line":347,"column":79}},"line":347},"14":{"name":"(anonymous_14)","decl":{"start":{"line":348,"column":32},"end":{"line":348,"column":33}},"loc":{"start":{"line":348,"column":39},"end":{"line":348,"column":62}},"line":348},"15":{"name":"(anonymous_15)","decl":{"start":{"line":349,"column":35},"end":{"line":349,"column":36}},"loc":{"start":{"line":349,"column":42},"end":{"line":349,"column":64}},"line":349},"16":{"name":"(anonymous_16)","decl":{"start":{"line":350,"column":33},"end":{"line":350,"column":34}},"loc":{"start":{"line":350,"column":40},"end":{"line":350,"column":64}},"line":350},"17":{"name":"(anonymous_17)","decl":{"start":{"line":354,"column":24},"end":{"line":354,"column":25}},"loc":{"start":{"line":354,"column":59},"end":{"line":365,"column":1}},"line":354},"18":{"name":"(anonymous_18)","decl":{"start":{"line":355,"column":23},"end":{"line":355,"column":24}},"loc":{"start":{"line":355,"column":35},"end":{"line":364,"column":3}},"line":355},"19":{"name":"(anonymous_19)","decl":{"start":{"line":367,"column":26},"end":{"line":367,"column":27}},"loc":{"start":{"line":367,"column":61},"end":{"line":378,"column":1}},"line":367},"20":{"name":"(anonymous_20)","decl":{"start":{"line":368,"column":23},"end":{"line":368,"column":24}},"loc":{"start":{"line":368,"column":35},"end":{"line":377,"column":3}},"line":368},"21":{"name":"(anonymous_21)","decl":{"start":{"line":380,"column":19},"end":{"line":380,"column":20}},"loc":{"start":{"line":380,"column":54},"end":{"line":387,"column":1}},"line":380},"22":{"name":"(anonymous_22)","decl":{"start":{"line":381,"column":75},"end":{"line":381,"column":76}},"loc":{"start":{"line":381,"column":83},"end":{"line":384,"column":3}},"line":381},"23":{"name":"(anonymous_23)","decl":{"start":{"line":389,"column":27},"end":{"line":389,"column":28}},"loc":{"start":{"line":389,"column":59},"end":{"line":402,"column":1}},"line":389},"24":{"name":"(anonymous_24)","decl":{"start":{"line":390,"column":23},"end":{"line":390,"column":24}},"loc":{"start":{"line":390,"column":32},"end":{"line":401,"column":3}},"line":390},"25":{"name":"(anonymous_25)","decl":{"start":{"line":396,"column":6},"end":{"line":396,"column":7}},"loc":{"start":{"line":396,"column":13},"end":{"line":396,"column":64}},"line":396},"26":{"name":"(anonymous_26)","decl":{"start":{"line":404,"column":31},"end":{"line":404,"column":32}},"loc":{"start":{"line":404,"column":54},"end":{"line":410,"column":1}},"line":404},"27":{"name":"(anonymous_27)","decl":{"start":{"line":405,"column":38},"end":{"line":405,"column":39}},"loc":{"start":{"line":405,"column":52},"end":{"line":405,"column":84}},"line":405},"28":{"name":"(anonymous_28)","decl":{"start":{"line":406,"column":23},"end":{"line":406,"column":24}},"loc":{"start":{"line":406,"column":32},"end":{"line":409,"column":3}},"line":406},"29":{"name":"(anonymous_29)","decl":{"start":{"line":412,"column":22},"end":{"line":412,"column":23}},"loc":{"start":{"line":412,"column":46},"end":{"line":423,"column":1}},"line":412},"30":{"name":"(anonymous_30)","decl":{"start":{"line":425,"column":39},"end":{"line":425,"column":40}},"loc":{"start":{"line":425,"column":59},"end":{"line":549,"column":1}},"line":425},"31":{"name":"(anonymous_31)","decl":{"start":{"line":455,"column":61},"end":{"line":455,"column":62}},"loc":{"start":{"line":455,"column":69},"end":{"line":458,"column":7}},"line":455},"32":{"name":"(anonymous_32)","decl":{"start":{"line":467,"column":53},"end":{"line":467,"column":54}},"loc":{"start":{"line":467,"column":60},"end":{"line":467,"column":80}},"line":467},"33":{"name":"(anonymous_33)","decl":{"start":{"line":495,"column":62},"end":{"line":495,"column":63}},"loc":{"start":{"line":495,"column":76},"end":{"line":495,"column":98}},"line":495},"34":{"name":"(anonymous_34)","decl":{"start":{"line":531,"column":63},"end":{"line":531,"column":64}},"loc":{"start":{"line":531,"column":82},"end":{"line":536,"column":5}},"line":531},"35":{"name":"(anonymous_35)","decl":{"start":{"line":552,"column":36},"end":{"line":552,"column":37}},"loc":{"start":{"line":552,"column":56},"end":{"line":571,"column":1}},"line":552}},"branchMap":{"0":{"loc":{"start":{"line":6,"column":27},"end":{"line":6,"column":43}},"type":"default-arg","locations":[{"start":{"line":6,"column":42},"end":{"line":6,"column":43}}],"line":6},"1":{"loc":{"start":{"line":8,"column":9},"end":{"line":8,"column":40}},"type":"cond-expr","locations":[{"start":{"line":8,"column":22},"end":{"line":8,"column":34}},{"start":{"line":8,"column":37},"end":{"line":8,"column":40}}],"line":8},"2":{"loc":{"start":{"line":11,"column":44},"end":{"line":11,"column":57}},"type":"default-arg","locations":[{"start":{"line":11,"column":56},"end":{"line":11,"column":57}}],"line":11},"3":{"loc":{"start":{"line":37,"column":2},"end":{"line":37,"column":47}},"type":"if","locations":[{"start":{"line":37,"column":2},"end":{"line":37,"column":47}},{"start":{},"end":{}}],"line":37},"4":{"loc":{"start":{"line":39,"column":2},"end":{"line":39,"column":25}},"type":"if","locations":[{"start":{"line":39,"column":2},"end":{"line":39,"column":25}},{"start":{},"end":{}}],"line":39},"5":{"loc":{"start":{"line":48,"column":2},"end":{"line":48,"column":58}},"type":"if","locations":[{"start":{"line":48,"column":2},"end":{"line":48,"column":58}},{"start":{},"end":{}}],"line":48},"6":{"loc":{"start":{"line":49,"column":2},"end":{"line":53,"column":13}},"type":"if","locations":[{"start":{"line":49,"column":2},"end":{"line":53,"column":13}},{"start":{},"end":{}}],"line":49},"7":{"loc":{"start":{"line":50,"column":4},"end":{"line":51,"column":50}},"type":"binary-expr","locations":[{"start":{"line":50,"column":4},"end":{"line":50,"column":52}},{"start":{"line":51,"column":4},"end":{"line":51,"column":50}}],"line":50},"8":{"loc":{"start":{"line":63,"column":2},"end":{"line":66,"column":3}},"type":"if","locations":[{"start":{"line":63,"column":2},"end":{"line":66,"column":3}},{"start":{},"end":{}}],"line":63},"9":{"loc":{"start":{"line":71,"column":30},"end":{"line":71,"column":46}},"type":"default-arg","locations":[{"start":{"line":71,"column":44},"end":{"line":71,"column":46}}],"line":71},"10":{"loc":{"start":{"line":71,"column":48},"end":{"line":71,"column":69}},"type":"default-arg","locations":[{"start":{"line":71,"column":68},"end":{"line":71,"column":69}}],"line":71},"11":{"loc":{"start":{"line":76,"column":26},"end":{"line":76,"column":67}},"type":"binary-expr","locations":[{"start":{"line":76,"column":26},"end":{"line":76,"column":55}},{"start":{"line":76,"column":59},"end":{"line":76,"column":67}}],"line":76},"12":{"loc":{"start":{"line":77,"column":4},"end":{"line":80,"column":5}},"type":"if","locations":[{"start":{"line":77,"column":4},"end":{"line":80,"column":5}},{"start":{},"end":{}}],"line":77},"13":{"loc":{"start":{"line":85,"column":27},"end":{"line":85,"column":47}},"type":"cond-expr","locations":[{"start":{"line":85,"column":40},"end":{"line":85,"column":41}},{"start":{"line":85,"column":44},"end":{"line":85,"column":47}}],"line":85},"14":{"loc":{"start":{"line":346,"column":43},"end":{"line":346,"column":83}},"type":"binary-expr","locations":[{"start":{"line":346,"column":43},"end":{"line":346,"column":63}},{"start":{"line":346,"column":67},"end":{"line":346,"column":83}}],"line":346},"15":{"loc":{"start":{"line":347,"column":40},"end":{"line":347,"column":79}},"type":"binary-expr","locations":[{"start":{"line":347,"column":40},"end":{"line":347,"column":60}},{"start":{"line":347,"column":64},"end":{"line":347,"column":79}}],"line":347},"16":{"loc":{"start":{"line":350,"column":21},"end":{"line":350,"column":88}},"type":"binary-expr","locations":[{"start":{"line":350,"column":21},"end":{"line":350,"column":76}},{"start":{"line":350,"column":80},"end":{"line":350,"column":88}}],"line":350},"17":{"loc":{"start":{"line":357,"column":4},"end":{"line":357,"column":74}},"type":"if","locations":[{"start":{"line":357,"column":4},"end":{"line":357,"column":74}},{"start":{},"end":{}}],"line":357},"18":{"loc":{"start":{"line":357,"column":8},"end":{"line":357,"column":61}},"type":"binary-expr","locations":[{"start":{"line":357,"column":8},"end":{"line":357,"column":26}},{"start":{"line":357,"column":30},"end":{"line":357,"column":61}}],"line":357},"19":{"loc":{"start":{"line":359,"column":41},"end":{"line":359,"column":62}},"type":"binary-expr","locations":[{"start":{"line":359,"column":41},"end":{"line":359,"column":57}},{"start":{"line":359,"column":61},"end":{"line":359,"column":62}}],"line":359},"20":{"loc":{"start":{"line":360,"column":4},"end":{"line":362,"column":5}},"type":"if","locations":[{"start":{"line":360,"column":4},"end":{"line":362,"column":5}},{"start":{},"end":{}}],"line":360},"21":{"loc":{"start":{"line":360,"column":8},"end":{"line":360,"column":50}},"type":"binary-expr","locations":[{"start":{"line":360,"column":8},"end":{"line":360,"column":23}},{"start":{"line":360,"column":27},"end":{"line":360,"column":50}}],"line":360},"22":{"loc":{"start":{"line":361,"column":16},"end":{"line":361,"column":42}},"type":"binary-expr","locations":[{"start":{"line":361,"column":16},"end":{"line":361,"column":35}},{"start":{"line":361,"column":39},"end":{"line":361,"column":42}}],"line":361},"23":{"loc":{"start":{"line":370,"column":4},"end":{"line":370,"column":74}},"type":"if","locations":[{"start":{"line":370,"column":4},"end":{"line":370,"column":74}},{"start":{},"end":{}}],"line":370},"24":{"loc":{"start":{"line":370,"column":8},"end":{"line":370,"column":61}},"type":"binary-expr","locations":[{"start":{"line":370,"column":8},"end":{"line":370,"column":26}},{"start":{"line":370,"column":30},"end":{"line":370,"column":61}}],"line":370},"25":{"loc":{"start":{"line":372,"column":41},"end":{"line":372,"column":62}},"type":"binary-expr","locations":[{"start":{"line":372,"column":41},"end":{"line":372,"column":57}},{"start":{"line":372,"column":61},"end":{"line":372,"column":62}}],"line":372},"26":{"loc":{"start":{"line":373,"column":4},"end":{"line":375,"column":5}},"type":"if","locations":[{"start":{"line":373,"column":4},"end":{"line":375,"column":5}},{"start":{},"end":{}}],"line":373},"27":{"loc":{"start":{"line":373,"column":8},"end":{"line":373,"column":51}},"type":"binary-expr","locations":[{"start":{"line":373,"column":8},"end":{"line":373,"column":24}},{"start":{"line":373,"column":28},"end":{"line":373,"column":51}}],"line":373},"28":{"loc":{"start":{"line":374,"column":16},"end":{"line":374,"column":42}},"type":"binary-expr","locations":[{"start":{"line":374,"column":16},"end":{"line":374,"column":35}},{"start":{"line":374,"column":39},"end":{"line":374,"column":42}}],"line":374},"29":{"loc":{"start":{"line":381,"column":20},"end":{"line":381,"column":69}},"type":"binary-expr","locations":[{"start":{"line":381,"column":20},"end":{"line":381,"column":63}},{"start":{"line":381,"column":67},"end":{"line":381,"column":69}}],"line":381},"30":{"loc":{"start":{"line":385,"column":20},"end":{"line":385,"column":67}},"type":"binary-expr","locations":[{"start":{"line":385,"column":20},"end":{"line":385,"column":62}},{"start":{"line":385,"column":66},"end":{"line":385,"column":67}}],"line":385},"31":{"loc":{"start":{"line":398,"column":4},"end":{"line":398,"column":50}},"type":"if","locations":[{"start":{"line":398,"column":4},"end":{"line":398,"column":50}},{"start":{},"end":{}}],"line":398},"32":{"loc":{"start":{"line":407,"column":48},"end":{"line":407,"column":63}},"type":"binary-expr","locations":[{"start":{"line":407,"column":48},"end":{"line":407,"column":58}},{"start":{"line":407,"column":62},"end":{"line":407,"column":63}}],"line":407},"33":{"loc":{"start":{"line":414,"column":4},"end":{"line":420,"column":5}},"type":"if","locations":[{"start":{"line":414,"column":4},"end":{"line":420,"column":5}},{"start":{"line":417,"column":11},"end":{"line":420,"column":5}}],"line":414},"34":{"loc":{"start":{"line":427,"column":24},"end":{"line":427,"column":41}},"type":"default-arg","locations":[{"start":{"line":427,"column":37},"end":{"line":427,"column":41}}],"line":427},"35":{"loc":{"start":{"line":430,"column":4},"end":{"line":430,"column":82}},"type":"if","locations":[{"start":{"line":430,"column":4},"end":{"line":430,"column":82}},{"start":{},"end":{}}],"line":430},"36":{"loc":{"start":{"line":433,"column":25},"end":{"line":433,"column":61}},"type":"binary-expr","locations":[{"start":{"line":433,"column":25},"end":{"line":433,"column":49}},{"start":{"line":433,"column":53},"end":{"line":433,"column":61}}],"line":433},"37":{"loc":{"start":{"line":457,"column":22},"end":{"line":457,"column":34}},"type":"binary-expr","locations":[{"start":{"line":457,"column":22},"end":{"line":457,"column":29}},{"start":{"line":457,"column":33},"end":{"line":457,"column":34}}],"line":457},"38":{"loc":{"start":{"line":475,"column":8},"end":{"line":479,"column":9}},"type":"if","locations":[{"start":{"line":475,"column":8},"end":{"line":479,"column":9}},{"start":{},"end":{}}],"line":475},"39":{"loc":{"start":{"line":478,"column":12},"end":{"line":478,"column":88}},"type":"cond-expr","locations":[{"start":{"line":478,"column":60},"end":{"line":478,"column":77}},{"start":{"line":478,"column":80},"end":{"line":478,"column":88}}],"line":478},"40":{"loc":{"start":{"line":478,"column":12},"end":{"line":478,"column":57}},"type":"binary-expr","locations":[{"start":{"line":478,"column":12},"end":{"line":478,"column":38}},{"start":{"line":478,"column":42},"end":{"line":478,"column":57}}],"line":478},"41":{"loc":{"start":{"line":487,"column":8},"end":{"line":489,"column":9}},"type":"if","locations":[{"start":{"line":487,"column":8},"end":{"line":489,"column":9}},{"start":{},"end":{}}],"line":487},"42":{"loc":{"start":{"line":491,"column":8},"end":{"line":493,"column":9}},"type":"if","locations":[{"start":{"line":491,"column":8},"end":{"line":493,"column":9}},{"start":{},"end":{}}],"line":491},"43":{"loc":{"start":{"line":517,"column":6},"end":{"line":517,"column":84}},"type":"if","locations":[{"start":{"line":517,"column":6},"end":{"line":517,"column":84}},{"start":{},"end":{}}],"line":517},"44":{"loc":{"start":{"line":557,"column":4},"end":{"line":558,"column":79}},"type":"if","locations":[{"start":{"line":557,"column":4},"end":{"line":558,"column":79}},{"start":{},"end":{}}],"line":557}},"s":{"0":8,"1":0,"2":0,"3":8,"4":0,"5":0,"6":0,"7":0,"8":0,"9":8,"10":0,"11":0,"12":0,"13":0,"14":0,"15":0,"16":0,"17":8,"18":0,"19":0,"20":0,"21":8,"22":0,"23":0,"24":0,"25":0,"26":0,"27":0,"28":0,"29":0,"30":0,"31":0,"32":8,"33":0,"34":0,"35":0,"36":0,"37":0,"38":0,"39":0,"40":8,"41":0,"42":0,"43":0,"44":0,"45":0,"46":8,"47":0,"48":0,"49":0,"50":0,"51":0,"52":0,"53":0,"54":0,"55":0,"56":0,"57":8,"58":0,"59":8,"60":0,"61":8,"62":0,"63":0,"64":0,"65":0,"66":0,"67":0,"68":0,"69":8,"70":0,"71":0,"72":0,"73":0,"74":0,"75":0,"76":0,"77":0,"78":8,"79":0,"80":0,"81":0,"82":0,"83":0,"84":0,"85":0,"86":0,"87":8,"88":0,"89":0,"90":0,"91":0,"92":8,"93":0,"94":0,"95":0,"96":0,"97":0,"98":0,"99":0,"100":0,"101":0,"102":8,"103":0,"104":0,"105":0,"106":0,"107":0,"108":8,"109":0,"110":0,"111":0,"112":0,"113":0,"114":0,"115":0,"116":8,"117":0,"118":0,"119":0,"120":0,"121":0,"122":0,"123":0,"124":0,"125":0,"126":0,"127":0,"128":0,"129":0,"130":0,"131":0,"132":0,"133":0,"134":0,"135":0,"136":0,"137":0,"138":0,"139":0,"140":0,"141":0,"142":0,"143":0,"144":0,"145":0,"146":0,"147":0,"148":0,"149":0,"150":0,"151":0,"152":0,"153":0,"154":0,"155":0,"156":0,"157":0,"158":0,"159":0,"160":0,"161":0,"162":0,"163":0,"164":0,"165":0,"166":0,"167":0,"168":0,"169":0,"170":0,"171":0,"172":0,"173":0,"174":0,"175":0,"176":0,"177":0,"178":0,"179":0,"180":0,"181":0,"182":8,"183":0,"184":0,"185":0,"186":0,"187":0,"188":0,"189":0,"190":0},"f":{"0":0,"1":0,"2":0,"3":0,"4":0,"5":0,"6":0,"7":0,"8":0,"9":0,"10":0,"11":0,"12":0,"13":0,"14":0,"15":0,"16":0,"17":0,"18":0,"19":0,"20":0,"21":0,"22":0,"23":0,"24":0,"25":0,"26":0,"27":0,"28":0,"29":0,"30":0,"31":0,"32":0,"33":0,"34":0,"35":0},"b":{"0":[0],"1":[0,0],"2":[0],"3":[0,0],"4":[0,0],"5":[0,0],"6":[0,0],"7":[0,0],"8":[0,0],"9":[0],"10":[0],"11":[0,0],"12":[0,0],"13":[0,0],"14":[0,0],"15":[0,0],"16":[0,0],"17":[0,0],"18":[0,0],"19":[0,0],"20":[0,0],"21":[0,0],"22":[0,0],"23":[0,0],"24":[0,0],"25":[0,0],"26":[0,0],"27":[0,0],"28":[0,0],"29":[0,0],"30":[0,0],"31":[0,0],"32":[0,0],"33":[0,0],"34":[0],"35":[0,0],"36":[0,0],"37":[0,0],"38":[0,0],"39":[0,0],"40":[0,0],"41":[0,0],"42":[0,0],"43":[0,0],"44":[0,0]},"inputSourceMap":null,"_coverageSchema":"1a1c01bbd47fc00a2c39e90264f33305004495a9","hash":"ccece4a6315a0b6bcaea253b5703f085451b1bff"}
[...]
,"C:\\Users\\deban\\OneDrive\\Desktop\\LFP\\backend\\controllers\\userController.js": {"path":"C:\\Users\\deban\\OneDrive\\Desktop\\LFP\\backend\\controllers\\userController.js","statementMap":{"0":{"start":{"line":6,"column":24},"end":{"line":44,"column":1}},"1":{"start":{"line":7,"column":2},"end":{"line":43,"column":3}},"2":{"start":{"line":8,"column":38},"end":{"line":8,"column":46}},"3":{"start":{"line":9,"column":4},"end":{"line":14,"column":5}},"4":{"start":{"line":10,"column":6},"end":{"line":13,"column":9}},"5":{"start":{"line":16,"column":17},"end":{"line":16,"column":46}},"6":{"start":{"line":17,"column":4},"end":{"line":22,"column":5}},"7":{"start":{"line":18,"column":6},"end":{"line":21,"column":9}},"8":{"start":{"line":24,"column":27},"end":{"line":24,"column":58}},"9":{"start":{"line":25,"column":20},"end":{"line":29,"column":6}},"10":{"start":{"line":31,"column":4},"end":{"line":31,"column":66}},"11":{"start":{"line":33,"column":4},"end":{"line":37,"column":7}},"12":{"start":{"line":39,"column":4},"end":{"line":39,"column":25}},"13":{"start":{"line":40,"column":4},"end":{"line":42,"column":73}},"14":{"start":{"line":46,"column":21},"end":{"line":104,"column":1}},"15":{"start":{"line":47,"column":2},"end":{"line":103,"column":3}},"16":{"start":{"line":48,"column":32},"end":{"line":48,"column":40}},"17":{"start":{"line":49,"column":4},"end":{"line":54,"column":5}},"18":{"start":{"line":50,"column":6},"end":{"line":53,"column":9}},"19":{"start":{"line":56,"column":15},"end":{"line":56,"column":44}},"20":{"start":{"line":57,"column":4},"end":{"line":62,"column":5}},"21":{"start":{"line":58,"column":6},"end":{"line":61,"column":9}},"22":{"start":{"line":64,"column":28},"end":{"line":64,"column":73}},"23":{"start":{"line":65,"column":4},"end":{"line":70,"column":5}},"24":{"start":{"line":66,"column":6},"end":{"line":69,"column":9}},"25":{"start":{"line":72,"column":22},"end":{"line":74,"column":5}},"26":{"start":{"line":76,"column":18},"end":{"line":78,"column":6}},"27":{"start":{"line":80,"column":4},"end":{"line":84,"column":6}},"28":{"start":{"line":86,"column":4},"end":{"line":86,"column":62}},"29":{"start":{"line":88,"column":4},"end":{"line":99,"column":9}},"30":{"start":{"line":101,"column":4},"end":{"line":101,"column":25}},"31":{"start":{"line":102,"column":4},"end":{"line":102,"column":80}},"32":{"start":{"line":106,"column":22},"end":{"line":119,"column":1}},"33":{"start":{"line":107,"column":2},"end":{"line":118,"column":3}},"34":{"start":{"line":108,"column":4},"end":{"line":108,"column":55}},"35":{"start":{"line":109,"column":4},"end":{"line":112,"column":7}},"36":{"start":{"line":114,"column":4},"end":{"line":114,"column":25}},"37":{"start":{"line":115,"column":4},"end":{"line":117,"column":68}},"38":{"start":{"line":121,"column":23},"end":{"line":147,"column":1}},"39":{"start":{"line":122,"column":2},"end":{"line":146,"column":3}},"40":{"start":{"line":123,"column":19},"end":{"line":123,"column":29}},"41":{"start":{"line":125,"column":15},"end":{"line":125,"column":62}},"42":{"start":{"line":126,"column":4},"end":{"line":131,"column":5}},"43":{"start":{"line":127,"column":6},"end":{"line":130,"column":9}},"44":{"start":{"line":133,"column":4},"end":{"line":138,"column":6}},"45":{"start":{"line":140,"column":4},"end":{"line":140,"column":57}},"46":{"start":{"line":142,"column":4},"end":{"line":142,"column":25}},"47":{"start":{"line":143,"column":4},"end":{"line":145,"column":70}}},"fnMap":{"0":{"name":"(anonymous_0)","decl":{"start":{"line":6,"column":24},"end":{"line":6,"column":25}},"loc":{"start":{"line":6,"column":44},"end":{"line":44,"column":1}},"line":6},"1":{"name":"(anonymous_1)","decl":{"start":{"line":46,"column":21},"end":{"line":46,"column":22}},"loc":{"start":{"line":46,"column":41},"end":{"line":104,"column":1}},"line":46},"2":{"name":"(anonymous_2)","decl":{"start":{"line":106,"column":22},"end":{"line":106,"column":23}},"loc":{"start":{"line":106,"column":42},"end":{"line":119,"column":1}},"line":106},"3":{"name":"(anonymous_3)","decl":{"start":{"line":121,"column":23},"end":{"line":121,"column":24}},"loc":{"start":{"line":121,"column":43},"end":{"line":147,"column":1}},"line":121}},"branchMap":{"0":{"loc":{"start":{"line":9,"column":4},"end":{"line":14,"column":5}},"type":"if","locations":[{"start":{"line":9,"column":4},"end":{"line":14,"column":5}},{"start":{},"end":{}}],"line":9},"1":{"loc":{"start":{"line":9,"column":8},"end":{"line":9,"column":36}},"type":"binary-expr","locations":[{"start":{"line":9,"column":8},"end":{"line":9,"column":13}},{"start":{"line":9,"column":17},"end":{"line":9,"column":23}},{"start":{"line":9,"column":27},"end":{"line":9,"column":36}}],"line":9},"2":{"loc":{"start":{"line":17,"column":4},"end":{"line":22,"column":5}},"type":"if","locations":[{"start":{"line":17,"column":4},"end":{"line":22,"column":5}},{"start":{},"end":{}}],"line":17},"3":{"loc":{"start":{"line":49,"column":4},"end":{"line":54,"column":5}},"type":"if","locations":[{"start":{"line":49,"column":4},"end":{"line":54,"column":5}},{"start":{},"end":{}}],"line":49},"4":{"loc":{"start":{"line":49,"column":8},"end":{"line":49,"column":27}},"type":"binary-expr","locations":[{"start":{"line":49,"column":8},"end":{"line":49,"column":14}},{"start":{"line":49,"column":18},"end":{"line":49,"column":27}}],"line":49},"5":{"loc":{"start":{"line":57,"column":4},"end":{"line":62,"column":5}},"type":"if","locations":[{"start":{"line":57,"column":4},"end":{"line":62,"column":5}},{"start":{},"end":{}}],"line":57},"6":{"loc":{"start":{"line":65,"column":4},"end":{"line":70,"column":5}},"type":"if","locations":[{"start":{"line":65,"column":4},"end":{"line":70,"column":5}},{"start":{},"end":{}}],"line":65},"7":{"loc":{"start":{"line":126,"column":4},"end":{"line":131,"column":5}},"type":"if","locations":[{"start":{"line":126,"column":4},"end":{"line":131,"column":5}},{"start":{},"end":{}}],"line":126}},"s":{"0":8,"1":28,"2":28,"3":28,"4":1,"5":27,"6":27,"7":0,"8":27,"9":27,"10":27,"11":27,"12":0,"13":0,"14":8,"15":26,"16":26,"17":26,"18":0,"19":26,"20":26,"21":0,"22":26,"23":26,"24":0,"25":26,"26":26,"27":26,"28":26,"29":26,"30":0,"31":0,"32":8,"33":1,"34":1,"35":1,"36":0,"37":0,"38":8,"39":0,"40":0,"41":0,"42":0,"43":0,"44":0,"45":0,"46":0,"47":0},"f":{"0":28,"1":26,"2":1,"3":0},"b":{"0":[1,27],"1":[28,27,27],"2":[0,27],"3":[0,26],"4":[26,26],"5":[0,26],"6":[0,26],"7":[0,0]},"inputSourceMap":null,"_coverageSchema":"1a1c01bbd47fc00a2c39e90264f33305004495a9","hash":"f11f41fccf805a610b73e05da091fd91a578fff3"}
,"C:\\Users\\deban\\OneDrive\\Desktop\\LFP\\backend\\middlewares\\isAuthenticated.js": {"path":"C:\\Users\\deban\\OneDrive\\Desktop\\LFP\\backend\\middlewares\\isAuthenticated.js","statementMap":{"0":{"start":{"line":3,"column":24},"end":{"line":26,"column":1}},"1":{"start":{"line":4,"column":2},"end":{"line":25,"column":3}},"2":{"start":{"line":5,"column":18},"end":{"line":5,"column":79}},"3":{"start":{"line":6,"column":4},"end":{"line":11,"column":5}},"4":{"start":{"line":7,"column":6},"end":{"line":10,"column":9}},"5":{"start":{"line":13,"column":19},"end":{"line":13,"column":66}},"6":{"start":{"line":14,"column":4},"end":{"line":19,"column":5}},"7":{"start":{"line":15,"column":6},"end":{"line":18,"column":9}},"8":{"start":{"line":21,"column":4},"end":{"line":21,"column":31}},"9":{"start":{"line":22,"column":4},"end":{"line":22,"column":11}},"10":{"start":{"line":24,"column":4},"end":{"line":24,"column":23}}},"fnMap":{"0":{"name":"(anonymous_0)","decl":{"start":{"line":3,"column":24},"end":{"line":3,"column":25}},"loc":{"start":{"line":3,"column":50},"end":{"line":26,"column":1}},"line":3}},"branchMap":{"0":{"loc":{"start":{"line":5,"column":18},"end":{"line":5,"column":79}},"type":"binary-expr","locations":[{"start":{"line":5,"column":18},"end":{"line":5,"column":35}},{"start":{"line":5,"column":39},"end":{"line":5,"column":79}}],"line":5},"1":{"loc":{"start":{"line":6,"column":4},"end":{"line":11,"column":5}},"type":"if","locations":[{"start":{"line":6,"column":4},"end":{"line":11,"column":5}},{"start":{},"end":{}}],"line":6},"2":{"loc":{"start":{"line":14,"column":4},"end":{"line":19,"column":5}},"type":"if","locations":[{"start":{"line":14,"column":4},"end":{"line":19,"column":5}},{"start":{},"end":{}}],"line":14}},"s":{"0":8,"1":47,"2":47,"3":47,"4":0,"5":47,"6":47,"7":0,"8":47,"9":47,"10":0},"f":{"0":47},"b":{"0":[47,47],"1":[0,47],"2":[0,47]},"inputSourceMap":null,"_coverageSchema":"1a1c01bbd47fc00a2c39e90264f33305004495a9","hash":"4ea2aa8a953e90c45308bb5f3b9fc987d75d83ba"}
,"C:\\Users\\deban\\OneDrive\\Desktop\\LFP\\backend\\models\\eventModel.js": {"path":"C:\\Users\\deban\\OneDrive\\Desktop\\LFP\\backend\\models\\eventModel.js","statementMap":{"0":{"start":{"line":3,"column":20},"end":{"line":65,"column":1}},"1":{"start":{"line":26,"column":8},"end":{"line":26,"column":43}},"2":{"start":{"line":32,"column":8},"end":{"line":32,"column":43}},"3":{"start":{"line":67,"column":21},"end":{"line":67,"column":57}}},"fnMap":{"0":{"name":"(anonymous_0)","decl":{"start":{"line":25,"column":16},"end":{"line":25,"column":17}},"loc":{"start":{"line":25,"column":27},"end":{"line":27,"column":7}},"line":25},"1":{"name":"(anonymous_1)","decl":{"start":{"line":31,"column":16},"end":{"line":31,"column":17}},"loc":{"start":{"line":31,"column":27},"end":{"line":33,"column":7}},"line":31}},"branchMap":{},"s":{"0":8,"1":6,"2":7,"3":8},"f":{"0":6,"1":7},"b":{},"inputSourceMap":null,"_coverageSchema":"1a1c01bbd47fc00a2c39e90264f33305004495a9","hash":"6a04e423625da96a7db6c40dbc5037465b37bddf"}
,"C:\\Users\\deban\\OneDrive\\Desktop\\LFP\\backend\\models\\investmentModel.js": {"path":"C:\\Users\\deban\\OneDrive\\Desktop\\LFP\\backend\\models\\investmentModel.js","statementMap":{"0":{"start":{"line":3,"column":25},"end":{"line":34,"column":1}},"1":{"start":{"line":36,"column":26},"end":{"line":36,"column":72}}},"fnMap":{},"branchMap":{},"s":{"0":8,"1":8},"f":{},"b":{},"inputSourceMap":null,"_coverageSchema":"1a1c01bbd47fc00a2c39e90264f33305004495a9","hash":"605682a51fd97b807551e23ac835b2ceb46cf7fb"}
,"C:\\Users\\deban\\OneDrive\\Desktop\\LFP\\backend\\models\\scenarioModel.js": {"path":"C:\\Users\\deban\\OneDrive\\Desktop\\LFP\\backend\\models\\scenarioModel.js","statementMap":{"0":{"start":{"line":3,"column":23},"end":{"line":71,"column":1}},"1":{"start":{"line":73,"column":24},"end":{"line":73,"column":66}}},"fnMap":{},"branchMap":{},"s":{"0":8,"1":8},"f":{},"b":{},"inputSourceMap":null,"_coverageSchema":"1a1c01bbd47fc00a2c39e90264f33305004495a9","hash":"090e212543f326dd0bafdabd4ed1feb9a4cb5971"}
,"C:\\Users\\deban\\OneDrive\\Desktop\\LFP\\backend\\models\\simulationResultModel.js": {"path":"C:\\Users\\deban\\OneDrive\\Desktop\\LFP\\backend\\models\\simulationResultModel.js","statementMap":{"0":{"start":{"line":3,"column":31},"end":{"line":37,"column":1}},"1":{"start":{"line":39,"column":32},"end":{"line":42,"column":1}}},"fnMap":{},"branchMap":{},"s":{"0":8,"1":8},"f":{},"b":{},"inputSourceMap":null,"_coverageSchema":"1a1c01bbd47fc00a2c39e90264f33305004495a9","hash":"69d1457aa64052f725e6787560c262a324bd0b79"}
,"C:\\Users\\deban\\OneDrive\\Desktop\\LFP\\backend\\models\\taxModel.js": {"path":"C:\\Users\\deban\\OneDrive\\Desktop\\LFP\\backend\\models\\taxModel.js","statementMap":{"0":{"start":{"line":3,"column":18},"end":{"line":31,"column":1}},"1":{"start":{"line":33,"column":19},"end":{"line":33,"column":51}}},"fnMap":{},"branchMap":{},"s":{"0":8,"1":8},"f":{},"b":{},"inputSourceMap":null,"_coverageSchema":"1a1c01bbd47fc00a2c39e90264f33305004495a9","hash":"f7e5c9817528aeec8f37936e1f9699b62a64135f"}
,"C:\\Users\\deban\\OneDrive\\Desktop\\LFP\\backend\\models\\userModel.js": {"path":"C:\\Users\\deban\\OneDrive\\Desktop\\LFP\\backend\\models\\userModel.js","statementMap":{"0":{"start":{"line":3,"column":19},"end":{"line":38,"column":1}},"1":{"start":{"line":40,"column":20},"end":{"line":40,"column":54}}},"fnMap":{},"branchMap":{},"s":{"0":8,"1":8},"f":{},"b":{},"inputSourceMap":null,"_coverageSchema":"1a1c01bbd47fc00a2c39e90264f33305004495a9","hash":"3c3d399c10c5ded7103a1dc06057667c8c72422e"}
,"C:\\Users\\deban\\OneDrive\\Desktop\\LFP\\backend\\routes\\eventRoutes.js": {"path":"C:\\Users\\deban\\OneDrive\\Desktop\\LFP\\backend\\routes\\eventRoutes.js","statementMap":{"0":{"start":{"line":11,"column":15},"end":{"line":11,"column":31}},"1":{"start":{"line":13,"column":0},"end":{"line":13,"column":44}},"2":{"start":{"line":14,"column":0},"end":{"line":14,"column":76}},"3":{"start":{"line":15,"column":0},"end":{"line":15,"column":50}},"4":{"start":{"line":16,"column":0},"end":{"line":16,"column":49}},"5":{"start":{"line":17,"column":0},"end":{"line":17,"column":52}}},"fnMap":{},"branchMap":{},"s":{"0":8,"1":8,"2":8,"3":8,"4":8,"5":8},"f":{},"b":{},"inputSourceMap":null,"_coverageSchema":"1a1c01bbd47fc00a2c39e90264f33305004495a9","hash":"e201898dbf3ab4131ca8109d2404d5633f36cc38"}
,"C:\\Users\\deban\\OneDrive\\Desktop\\LFP\\backend\\routes\\investmentRoutes.js": {"path":"C:\\Users\\deban\\OneDrive\\Desktop\\LFP\\backend\\routes\\investmentRoutes.js","statementMap":{"0":{"start":{"line":11,"column":15},"end":{"line":11,"column":31}},"1":{"start":{"line":13,"column":0},"end":{"line":13,"column":49}},"2":{"start":{"line":14,"column":0},"end":{"line":18,"column":2}},"3":{"start":{"line":19,"column":0},"end":{"line":19,"column":55}},"4":{"start":{"line":20,"column":0},"end":{"line":20,"column":54}},"5":{"start":{"line":21,"column":0},"end":{"line":21,"column":57}}},"fnMap":{},"branchMap":{},"s":{"0":8,"1":8,"2":8,"3":8,"4":8,"5":8},"f":{},"b":{},"inputSourceMap":null,"_coverageSchema":"1a1c01bbd47fc00a2c39e90264f33305004495a9","hash":"77a39ab3cab2f06d6bfea8d47b0951320cc8b8a8"}
,"C:\\Users\\deban\\OneDrive\\Desktop\\LFP\\backend\\routes\\loggingRoutes.js": {"path":"C:\\Users\\deban\\OneDrive\\Desktop\\LFP\\backend\\routes\\loggingRoutes.js","statementMap":{"0":{"start":{"line":5,"column":15},"end":{"line":5,"column":31}},"1":{"start":{"line":7,"column":0},"end":{"line":7,"column":61}}},"fnMap":{},"branchMap":{},"s":{"0":8,"1":8},"f":{},"b":{},"inputSourceMap":null,"_coverageSchema":"1a1c01bbd47fc00a2c39e90264f33305004495a9","hash":"b6716f58f55470715e9f4b15f33cf716d35e19f5"}
,"C:\\Users\\deban\\OneDrive\\Desktop\\LFP\\backend\\routes\\scenarioRoutes.js": {"path":"C:\\Users\\deban\\OneDrive\\Desktop\\LFP\\backend\\routes\\scenarioRoutes.js","statementMap":{"0":{"start":{"line":11,"column":15},"end":{"line":11,"column":31}},"1":{"start":{"line":13,"column":0},"end":{"line":13,"column":50}},"2":{"start":{"line":14,"column":0},"end":{"line":14,"column":47}},"3":{"start":{"line":15,"column":0},"end":{"line":15,"column":53}},"4":{"start":{"line":16,"column":0},"end":{"line":16,"column":52}},"5":{"start":{"line":17,"column":0},"end":{"line":17,"column":55}}},"fnMap":{},"branchMap":{},"s":{"0":8,"1":8,"2":8,"3":8,"4":8,"5":8},"f":{},"b":{},"inputSourceMap":null,"_coverageSchema":"1a1c01bbd47fc00a2c39e90264f33305004495a9","hash":"f4df6c132c35a6417a8f5b16a9d8d3088aa83f14"}
,"C:\\Users\\deban\\OneDrive\\Desktop\\LFP\\backend\\routes\\sharingRoutes.js": {"path":"C:\\Users\\deban\\OneDrive\\Desktop\\LFP\\backend\\routes\\sharingRoutes.js","statementMap":{"0":{"start":{"line":10,"column":15},"end":{"line":10,"column":31}},"1":{"start":{"line":11,"column":15},"end":{"line":11,"column":43}},"2":{"start":{"line":13,"column":0},"end":{"line":13,"column":58}},"3":{"start":{"line":14,"column":0},"end":{"line":14,"column":67}},"4":{"start":{"line":15,"column":0},"end":{"line":15,"column":79}}},"fnMap":{},"branchMap":{},"s":{"0":8,"1":8,"2":8,"3":8,"4":8},"f":{},"b":{},"inputSourceMap":null,"_coverageSchema":"1a1c01bbd47fc00a2c39e90264f33305004495a9","hash":"a2f01d982d18f068c9859c9259a4555589b9628c"}
,"C:\\Users\\deban\\OneDrive\\Desktop\\LFP\\backend\\routes\\simulationRoutes.js": {"path":"C:\\Users\\deban\\OneDrive\\Desktop\\LFP\\backend\\routes\\simulationRoutes.js","statementMap":{"0":{"start":{"line":5,"column":15},"end":{"line":5,"column":31}},"1":{"start":{"line":7,"column":0},"end":{"line":7,"column":62}},"2":{"start":{"line":8,"column":0},"end":{"line":8,"column":66}}},"fnMap":{},"branchMap":{},"s":{"0":8,"1":8,"2":8},"f":{},"b":{},"inputSourceMap":null,"_coverageSchema":"1a1c01bbd47fc00a2c39e90264f33305004495a9","hash":"3d78c7f29003988a190c84a1516ec0ef9dec7904"}
,"C:\\Users\\deban\\OneDrive\\Desktop\\LFP\\backend\\routes\\taxRoutes.js": {"path":"C:\\Users\\deban\\OneDrive\\Desktop\\LFP\\backend\\routes\\taxRoutes.js","statementMap":{"0":{"start":{"line":11,"column":15},"end":{"line":11,"column":31}},"1":{"start":{"line":12,"column":15},"end":{"line":12,"column":43}},"2":{"start":{"line":14,"column":0},"end":{"line":14,"column":57}},"3":{"start":{"line":15,"column":0},"end":{"line":15,"column":60}},"4":{"start":{"line":16,"column":0},"end":{"line":16,"column":78}},"5":{"start":{"line":17,"column":0},"end":{"line":17,"column":57}}},"fnMap":{},"branchMap":{},"s":{"0":8,"1":8,"2":8,"3":8,"4":8,"5":8},"f":{},"b":{},"inputSourceMap":null,"_coverageSchema":"1a1c01bbd47fc00a2c39e90264f33305004495a9","hash":"b44b848f9fd8a0815d3918d7139788b520eb4541"}
,"C:\\Users\\deban\\OneDrive\\Desktop\\LFP\\backend\\routes\\userRoutes.js": {"path":"C:\\Users\\deban\\OneDrive\\Desktop\\LFP\\backend\\routes\\userRoutes.js","statementMap":{"0":{"start":{"line":10,"column":15},"end":{"line":10,"column":31}},"1":{"start":{"line":12,"column":0},"end":{"line":12,"column":41}},"2":{"start":{"line":13,"column":0},"end":{"line":13,"column":35}},"3":{"start":{"line":14,"column":0},"end":{"line":14,"column":36}},"4":{"start":{"line":15,"column":0},"end":{"line":15,"column":59}}},"fnMap":{},"branchMap":{},"s":{"0":8,"1":8,"2":8,"3":8,"4":8},"f":{},"b":{},"inputSourceMap":null,"_coverageSchema":"1a1c01bbd47fc00a2c39e90264f33305004495a9","hash":"be8466589099b10bae39ae14d09550c9a43dc7a0"}
,"C:\\Users\\deban\\OneDrive\\Desktop\\LFP\\backend\\utils\\connectDB.js": {"path":"C:\\Users\\deban\\OneDrive\\Desktop\\LFP\\backend\\utils\\connectDB.js","statementMap":{"0":{"start":{"line":3,"column":18},"end":{"line":10,"column":1}},"1":{"start":{"line":4,"column":4},"end":{"line":9,"column":5}},"2":{"start":{"line":5,"column":8},"end":{"line":5,"column":54}},"3":{"start":{"line":6,"column":8},"end":{"line":6,"column":47}},"4":{"start":{"line":8,"column":8},"end":{"line":8,"column":29}}},"fnMap":{"0":{"name":"(anonymous_0)","decl":{"start":{"line":3,"column":18},"end":{"line":3,"column":19}},"loc":{"start":{"line":3,"column":29},"end":{"line":10,"column":1}},"line":3}},"branchMap":{},"s":{"0":8,"1":0,"2":0,"3":0,"4":0},"f":{"0":0},"b":{},"inputSourceMap":null,"_coverageSchema":"1a1c01bbd47fc00a2c39e90264f33305004495a9","hash":"e655829575bc58d549a49c078a31e9f756ee0069"}
}
