TN:
SF:server.js
FN:19,(anonymous_0)
FN:48,(anonymous_1)
FNF:2
FNH:0
FNDA:0,(anonymous_0)
FNDA:0,(anonymous_1)
DA:15,8
DA:17,8
DA:19,8
DA:20,0
DA:26,8
DA:27,8
DA:28,8
DA:29,8
DA:34,8
DA:36,8
DA:38,8
DA:39,8
DA:40,8
DA:41,8
DA:42,8
DA:43,8
DA:44,8
DA:45,8
DA:47,8
DA:48,0
DA:49,0
DA:50,0
LF:22
LH:18
BRDA:36,0,0,8
BRDA:36,0,1,0
BRDA:47,1,0,0
BRDA:47,1,1,8
BRF:4
BRH:2
end_of_record
TN:
SF:controllers\eventController.js
FN:5,(anonymous_0)
FN:66,(anonymous_1)
FN:68,(anonymous_2)
FN:100,(anonymous_3)
FN:116,(anonymous_4)
FN:138,(anonymous_5)
FN:164,(anonymous_6)
FNF:7
FNH:5
FNDA:6,(anonymous_0)
FNDA:0,(anonymous_1)
FNDA:0,(anonymous_2)
FNDA:1,(anonymous_3)
FNDA:2,(anonymous_4)
FNDA:1,(anonymous_5)
FNDA:1,(anonymous_6)
DA:5,8
DA:6,6
DA:20,6
DA:22,6
DA:26,6
DA:28,6
DA:29,0
DA:33,0
DA:34,0
DA:38,0
DA:39,0
DA:45,6
DA:60,6
DA:62,6
DA:63,6
DA:65,6
DA:66,0
DA:67,0
DA:68,0
DA:69,0
DA:71,0
DA:72,0
DA:74,0
DA:79,6
DA:82,6
DA:89,6
DA:96,0
DA:100,8
DA:101,1
DA:102,1
DA:104,1
DA:106,1
DA:107,0
DA:110,1
DA:112,0
DA:116,8
DA:117,2
DA:118,2
DA:119,2
DA:121,1
DA:123,1
DA:124,0
DA:127,1
DA:132,1
DA:134,0
DA:138,8
DA:139,1
DA:140,1
DA:146,1
DA:147,0
DA:150,1
DA:155,1
DA:160,0
DA:164,8
DA:165,1
DA:166,1
DA:167,1
DA:169,1
DA:174,1
DA:176,1
DA:181,1
DA:183,0
LF:62
LH:42
BRDA:26,0,0,0
BRDA:26,0,1,6
BRDA:28,1,0,0
BRDA:28,1,1,6
BRDA:33,2,0,0
BRDA:33,2,1,0
BRDA:38,3,0,0
BRDA:38,3,1,0
BRDA:38,4,0,0
BRDA:38,4,1,0
BRDA:38,4,2,0
BRDA:49,5,0,0
BRDA:49,5,1,6
BRDA:50,6,0,0
BRDA:50,6,1,6
BRDA:51,7,0,0
BRDA:51,7,1,6
BRDA:52,8,0,0
BRDA:52,8,1,6
BRDA:53,9,0,0
BRDA:53,9,1,6
BRDA:54,10,0,0
BRDA:54,10,1,6
BRDA:62,11,0,6
BRDA:62,11,1,0
BRDA:65,12,0,0
BRDA:65,12,1,6
BRDA:65,13,0,6
BRDA:65,13,1,0
BRDA:65,13,2,0
BRDA:71,14,0,0
BRDA:71,14,1,0
BRDA:84,15,0,0
BRDA:84,15,1,6
BRDA:90,16,0,0
BRDA:90,16,1,6
BRDA:106,17,0,0
BRDA:106,17,1,1
BRDA:119,18,0,1
BRDA:119,18,1,1
BRDA:123,19,0,0
BRDA:123,19,1,1
BRDA:146,20,0,0
BRDA:146,20,1,1
BRDA:167,21,0,0
BRDA:167,21,1,1
BRF:46
BRH:19
end_of_record
TN:
SF:controllers\investmentController.js
FN:5,(anonymous_0)
FN:56,(anonymous_1)
FN:69,(anonymous_2)
FN:80,(anonymous_3)
FN:108,(anonymous_4)
FN:135,(anonymous_5)
FNF:6
FNH:6
FNDA:5,(anonymous_0)
FNDA:1,(anonymous_1)
FNDA:1,(anonymous_2)
FNDA:1,(anonymous_3)
FNDA:1,(anonymous_4)
FNDA:1,(anonymous_5)
DA:5,8
DA:6,5
DA:16,5
DA:18,5
DA:22,5
DA:23,0
DA:25,5
DA:35,5
DA:37,5
DA:38,5
DA:40,5
DA:45,5
DA:50,0
DA:56,8
DA:57,1
DA:58,1
DA:60,1
DA:64,1
DA:65,0
DA:68,1
DA:69,1
DA:72,1
DA:74,0
DA:80,8
DA:81,1
DA:82,1
DA:83,1
DA:84,0
DA:86,1
DA:89,1
DA:90,0
DA:95,1
DA:100,1
DA:102,0
DA:108,8
DA:109,1
DA:110,1
DA:116,1
DA:117,0
DA:119,1
DA:124,1
DA:129,0
DA:135,8
DA:136,1
DA:137,1
DA:138,1
DA:139,0
DA:141,1
DA:146,1
DA:148,1
DA:153,1
DA:155,0
LF:52
LH:41
BRDA:22,0,0,0
BRDA:22,0,1,5
BRDA:64,1,0,0
BRDA:64,1,1,1
BRDA:83,2,0,0
BRDA:83,2,1,1
BRDA:89,3,0,0
BRDA:89,3,1,1
BRDA:116,4,0,0
BRDA:116,4,1,1
BRDA:138,5,0,0
BRDA:138,5,1,1
BRF:12
BRH:6
end_of_record
TN:
SF:controllers\loggingController.js
FN:5,(anonymous_0)
FN:33,(anonymous_1)
FNF:2
FNH:2
FNDA:3,(anonymous_0)
FNDA:89,(anonymous_1)
DA:5,8
DA:6,3
DA:7,3
DA:9,3
DA:13,3
DA:14,1
DA:16,2
DA:18,2
DA:19,1
DA:24,1
DA:25,1
DA:27,0
DA:33,8
DA:34,89
DA:35,89
DA:36,89
DA:38,89
DA:39,0
DA:42,89
LF:19
LH:17
BRDA:13,0,0,1
BRDA:13,0,1,2
BRDA:18,1,0,1
BRDA:18,1,1,1
BRDA:38,2,0,0
BRDA:38,2,1,89
BRF:6
BRH:5
end_of_record
TN:
SF:controllers\scenarioController.js
FN:5,(anonymous_0)
FN:63,(anonymous_1)
FN:77,(anonymous_2)
FN:97,(anonymous_3)
FN:124,(anonymous_4)
FNF:5
FNH:5
FNDA:14,(anonymous_0)
FNDA:1,(anonymous_1)
FNDA:1,(anonymous_2)
FNDA:1,(anonymous_3)
FNDA:1,(anonymous_4)
DA:5,8
DA:6,14
DA:7,14
DA:19,14
DA:21,14
DA:22,14
DA:23,0
DA:25,14
DA:42,14
DA:44,14
DA:45,14
DA:47,14
DA:52,14
DA:57,0
DA:63,8
DA:64,1
DA:65,1
DA:69,1
DA:71,0
DA:77,8
DA:78,1
DA:79,1
DA:86,1
DA:87,0
DA:89,1
DA:91,0
DA:97,8
DA:98,1
DA:99,1
DA:105,1
DA:106,0
DA:108,1
DA:113,1
DA:118,0
DA:124,8
DA:125,1
DA:126,1
DA:131,1
DA:132,0
DA:134,1
DA:135,1
DA:136,1
DA:137,1
DA:140,1
DA:145,1
DA:147,0
LF:46
LH:37
BRDA:22,0,0,0
BRDA:22,0,1,14
BRDA:86,1,0,0
BRDA:86,1,1,1
BRDA:105,2,0,0
BRDA:105,2,1,1
BRDA:131,3,0,0
BRDA:131,3,1,1
BRDA:135,4,0,1
BRDA:135,4,1,0
BRF:10
BRH:5
end_of_record
TN:
SF:controllers\sharingController.js
FN:9,(anonymous_0)
FN:25,(anonymous_1)
FN:49,(anonymous_2)
FN:75,(anonymous_3)
FN:91,stripIds
FN:102,(anonymous_5)
FN:119,(anonymous_6)
FN:168,(anonymous_7)
FN:186,(anonymous_8)
FN:196,(anonymous_9)
FNF:10
FNH:0
FNDA:0,(anonymous_0)
FNDA:0,(anonymous_1)
FNDA:0,(anonymous_2)
FNDA:0,(anonymous_3)
FNDA:0,stripIds
FNDA:0,(anonymous_5)
FNDA:0,(anonymous_6)
FNDA:0,(anonymous_7)
FNDA:0,(anonymous_8)
FNDA:0,(anonymous_9)
DA:9,8
DA:10,0
DA:11,0
DA:13,0
DA:17,0
DA:18,0
DA:20,0
DA:21,0
DA:22,0
DA:24,0
DA:25,0
DA:28,0
DA:29,0
DA:33,0
DA:34,0
DA:36,0
DA:41,0
DA:43,0
DA:49,8
DA:50,0
DA:51,0
DA:53,0
DA:55,0
DA:61,0
DA:62,0
DA:64,0
DA:65,0
DA:67,0
DA:68,0
DA:71,0
DA:73,0
DA:75,0
DA:76,0
DA:77,0
DA:81,0
DA:85,0
DA:92,0
DA:93,0
DA:94,0
DA:95,0
DA:96,0
DA:97,0
DA:99,0
DA:102,8
DA:103,0
DA:104,0
DA:105,0
DA:106,0
DA:107,0
DA:110,0
DA:111,0
DA:112,0
DA:116,0
DA:117,0
DA:118,0
DA:120,0
DA:121,0
DA:133,0
DA:134,0
DA:135,0
DA:136,0
DA:137,0
DA:138,0
DA:139,0
DA:142,0
DA:143,0
DA:151,0
DA:169,0
DA:170,0
DA:171,0
DA:172,0
DA:173,0
DA:175,0
DA:184,0
DA:185,0
DA:187,0
DA:194,0
DA:195,0
DA:197,0
DA:199,0
DA:200,0
DA:201,0
DA:204,0
DA:205,0
DA:206,0
DA:209,0
DA:217,0
DA:222,0
DA:228,0
DA:229,0
LF:90
LH:3
BRDA:17,0,0,0
BRDA:17,0,1,0
BRDA:21,1,0,0
BRDA:21,1,1,0
BRDA:28,2,0,0
BRDA:28,2,1,0
BRDA:61,3,0,0
BRDA:61,3,1,0
BRDA:67,4,0,0
BRDA:67,4,1,0
BRDA:76,5,0,0
BRDA:76,5,1,0
BRDA:92,6,0,0
BRDA:92,6,1,0
BRDA:93,7,0,0
BRDA:93,7,1,0
BRDA:93,8,0,0
BRDA:93,8,1,0
BRDA:110,9,0,0
BRDA:110,9,1,0
BRDA:111,10,0,0
BRDA:111,10,1,0
BRDA:117,11,0,0
BRDA:117,11,1,0
BRDA:120,12,0,0
BRDA:120,12,1,0
BRDA:134,13,0,0
BRDA:134,13,1,0
BRDA:136,14,0,0
BRDA:136,14,1,0
BRDA:138,15,0,0
BRDA:138,15,1,0
BRDA:142,16,0,0
BRDA:142,16,1,0
BRDA:152,17,0,0
BRDA:152,17,1,0
BRDA:153,18,0,0
BRDA:153,18,1,0
BRDA:156,19,0,0
BRDA:156,19,1,0
BRDA:157,20,0,0
BRDA:157,20,1,0
BRDA:158,21,0,0
BRDA:158,21,1,0
BRDA:159,22,0,0
BRDA:159,22,1,0
BRDA:161,23,0,0
BRDA:161,23,1,0
BRDA:166,24,0,0
BRDA:166,24,1,0
BRDA:167,25,0,0
BRDA:167,25,1,0
BRDA:170,26,0,0
BRDA:170,26,1,0
BRDA:172,27,0,0
BRDA:172,27,1,0
BRDA:184,28,0,0
BRDA:184,28,1,0
BRDA:194,29,0,0
BRDA:194,29,1,0
BRDA:199,30,0,0
BRDA:199,30,1,0
BRDA:201,31,0,0
BRDA:201,31,1,0
BRDA:205,32,0,0
BRDA:205,32,1,0
BRDA:233,33,0,0
BRDA:233,33,1,0
BRF:68
BRH:0
end_of_record
TN:
SF:controllers\simulationController.js
FN:6,(anonymous_0)
FN:11,(anonymous_1)
FN:23,(anonymous_2)
FN:30,(anonymous_3)
FN:36,(anonymous_4)
FN:47,(anonymous_5)
FN:62,(anonymous_6)
FN:71,(anonymous_7)
FN:85,(anonymous_8)
FN:337,(anonymous_9)
FN:343,(anonymous_10)
FN:345,(anonymous_11)
FN:346,(anonymous_12)
FN:347,(anonymous_13)
FN:348,(anonymous_14)
FN:349,(anonymous_15)
FN:350,(anonymous_16)
FN:354,(anonymous_17)
FN:355,(anonymous_18)
FN:367,(anonymous_19)
FN:368,(anonymous_20)
FN:380,(anonymous_21)
FN:381,(anonymous_22)
FN:389,(anonymous_23)
FN:390,(anonymous_24)
FN:396,(anonymous_25)
FN:404,(anonymous_26)
FN:405,(anonymous_27)
FN:406,(anonymous_28)
FN:412,(anonymous_29)
FN:425,(anonymous_30)
FN:455,(anonymous_31)
FN:467,(anonymous_32)
FN:495,(anonymous_33)
FN:531,(anonymous_34)
FN:552,(anonymous_35)
FNF:36
FNH:0
FNDA:0,(anonymous_0)
FNDA:0,(anonymous_1)
FNDA:0,(anonymous_2)
FNDA:0,(anonymous_3)
FNDA:0,(anonymous_4)
FNDA:0,(anonymous_5)
FNDA:0,(anonymous_6)
FNDA:0,(anonymous_7)
FNDA:0,(anonymous_8)
FNDA:0,(anonymous_9)
FNDA:0,(anonymous_10)
FNDA:0,(anonymous_11)
FNDA:0,(anonymous_12)
FNDA:0,(anonymous_13)
FNDA:0,(anonymous_14)
FNDA:0,(anonymous_15)
FNDA:0,(anonymous_16)
FNDA:0,(anonymous_17)
FNDA:0,(anonymous_18)
FNDA:0,(anonymous_19)
FNDA:0,(anonymous_20)
FNDA:0,(anonymous_21)
FNDA:0,(anonymous_22)
FNDA:0,(anonymous_23)
FNDA:0,(anonymous_24)
FNDA:0,(anonymous_25)
FNDA:0,(anonymous_26)
FNDA:0,(anonymous_27)
FNDA:0,(anonymous_28)
FNDA:0,(anonymous_29)
FNDA:0,(anonymous_30)
FNDA:0,(anonymous_31)
FNDA:0,(anonymous_32)
FNDA:0,(anonymous_33)
FNDA:0,(anonymous_34)
FNDA:0,(anonymous_35)
DA:6,8
DA:7,0
DA:8,0
DA:11,8
DA:12,0
DA:13,0
DA:14,0
DA:15,0
DA:16,0
DA:23,8
DA:24,0
DA:25,0
DA:26,0
DA:27,0
DA:30,8
DA:31,0
DA:32,0
DA:33,0
DA:36,8
DA:37,0
DA:38,0
DA:39,0
DA:40,0
DA:41,0
DA:42,0
DA:43,0
DA:44,0
DA:47,8
DA:48,0
DA:49,0
DA:53,0
DA:54,0
DA:58,0
DA:59,0
DA:62,8
DA:63,0
DA:64,0
DA:65,0
DA:67,0
DA:68,0
DA:71,8
DA:72,0
DA:73,0
DA:74,0
DA:75,0
DA:76,0
DA:77,0
DA:78,0
DA:79,0
DA:82,0
DA:85,8
DA:337,8
DA:338,0
DA:343,8
DA:344,0
DA:345,0
DA:346,0
DA:347,0
DA:348,0
DA:349,0
DA:350,0
DA:354,8
DA:355,0
DA:356,0
DA:357,0
DA:359,0
DA:360,0
DA:361,0
DA:363,0
DA:367,8
DA:368,0
DA:369,0
DA:370,0
DA:372,0
DA:373,0
DA:374,0
DA:376,0
DA:380,8
DA:381,0
DA:385,0
DA:386,0
DA:389,8
DA:390,0
DA:391,0
DA:392,0
DA:393,0
DA:395,0
DA:396,0
DA:398,0
DA:400,0
DA:404,8
DA:405,0
DA:406,0
DA:407,0
DA:408,0
DA:412,8
DA:413,0
DA:414,0
DA:415,0
DA:416,0
DA:418,0
DA:419,0
DA:422,0
DA:425,8
DA:426,0
DA:427,0
DA:428,0
DA:430,0
DA:432,0
DA:433,0
DA:434,0
DA:435,0
DA:444,0
DA:446,0
DA:447,0
DA:448,0
DA:451,0
DA:452,0
DA:454,0
DA:455,0
DA:460,0
DA:462,0
DA:463,0
DA:464,0
DA:465,0
DA:466,0
DA:467,0
DA:469,0
DA:470,0
DA:472,0
DA:474,0
DA:475,0
DA:476,0
DA:477,0
DA:481,0
DA:482,0
DA:483,0
DA:485,0
DA:487,0
DA:488,0
DA:491,0
DA:492,0
DA:495,0
DA:497,0
DA:498,0
DA:499,0
DA:501,0
DA:516,0
DA:517,0
DA:519,0
DA:522,0
DA:523,0
DA:524,0
DA:531,0
DA:538,0
DA:539,0
DA:541,0
DA:546,0
DA:547,0
DA:552,8
DA:553,0
DA:554,0
DA:555,0
DA:557,0
DA:558,0
DA:560,0
DA:562,0
DA:566,0
LF:168
LH:19
BRDA:6,0,0,0
BRDA:8,1,0,0
BRDA:8,1,1,0
BRDA:11,2,0,0
BRDA:37,3,0,0
BRDA:37,3,1,0
BRDA:39,4,0,0
BRDA:39,4,1,0
BRDA:48,5,0,0
BRDA:48,5,1,0
BRDA:49,6,0,0
BRDA:49,6,1,0
BRDA:50,7,0,0
BRDA:50,7,1,0
BRDA:63,8,0,0
BRDA:63,8,1,0
BRDA:71,9,0,0
BRDA:71,10,0,0
BRDA:76,11,0,0
BRDA:76,11,1,0
BRDA:77,12,0,0
BRDA:77,12,1,0
BRDA:85,13,0,0
BRDA:85,13,1,0
BRDA:346,14,0,0
BRDA:346,14,1,0
BRDA:347,15,0,0
BRDA:347,15,1,0
BRDA:350,16,0,0
BRDA:350,16,1,0
BRDA:357,17,0,0
BRDA:357,17,1,0
BRDA:357,18,0,0
BRDA:357,18,1,0
BRDA:359,19,0,0
BRDA:359,19,1,0
BRDA:360,20,0,0
BRDA:360,20,1,0
BRDA:360,21,0,0
BRDA:360,21,1,0
BRDA:361,22,0,0
BRDA:361,22,1,0
BRDA:370,23,0,0
BRDA:370,23,1,0
BRDA:370,24,0,0
BRDA:370,24,1,0
BRDA:372,25,0,0
BRDA:372,25,1,0
BRDA:373,26,0,0
BRDA:373,26,1,0
BRDA:373,27,0,0
BRDA:373,27,1,0
BRDA:374,28,0,0
BRDA:374,28,1,0
BRDA:381,29,0,0
BRDA:381,29,1,0
BRDA:385,30,0,0
BRDA:385,30,1,0
BRDA:398,31,0,0
BRDA:398,31,1,0
BRDA:407,32,0,0
BRDA:407,32,1,0
BRDA:414,33,0,0
BRDA:414,33,1,0
BRDA:427,34,0,0
BRDA:430,35,0,0
BRDA:430,35,1,0
BRDA:433,36,0,0
BRDA:433,36,1,0
BRDA:457,37,0,0
BRDA:457,37,1,0
BRDA:475,38,0,0
BRDA:475,38,1,0
BRDA:478,39,0,0
BRDA:478,39,1,0
BRDA:478,40,0,0
BRDA:478,40,1,0
BRDA:487,41,0,0
BRDA:487,41,1,0
BRDA:491,42,0,0
BRDA:491,42,1,0
BRDA:517,43,0,0
BRDA:517,43,1,0
BRDA:557,44,0,0
BRDA:557,44,1,0
BRF:85
BRH:0
end_of_record
TN:
SF:controllers\taxController.js
FN:6,(anonymous_0)
FN:27,(anonymous_1)
FN:46,(anonymous_2)
FN:73,(anonymous_3)
FN:103,(anonymous_4)
FN:108,(anonymous_5)
FN:108,(anonymous_6)
FNF:7
FNH:7
FNDA:1,(anonymous_0)
FNDA:2,(anonymous_1)
FNDA:1,(anonymous_2)
FNDA:2,(anonymous_3)
FNDA:1,(anonymous_4)
FNDA:1,(anonymous_5)
FNDA:2,(anonymous_6)
DA:6,8
DA:7,1
DA:8,1
DA:9,1
DA:10,0
DA:12,1
DA:14,1
DA:16,0
DA:20,0
DA:27,8
DA:28,2
DA:29,2
DA:31,2
DA:33,2
DA:35,2
DA:37,2
DA:38,1
DA:45,1
DA:46,1
DA:47,0
DA:48,0
DA:51,1
DA:52,0
DA:57,1
DA:59,1
DA:61,0
DA:62,0
DA:66,0
DA:73,8
DA:74,2
DA:75,2
DA:77,1
DA:79,1
DA:80,0
DA:83,1
DA:88,1
DA:90,1
DA:95,0
DA:96,0
DA:103,8
DA:104,1
DA:105,1
DA:107,1
DA:108,2
DA:111,1
DA:113,1
DA:115,0
DA:116,0
DA:120,0
LF:49
LH:34
BRDA:9,0,0,0
BRDA:9,0,1,1
BRDA:37,1,0,1
BRDA:37,1,1,1
BRDA:37,2,0,2
BRDA:37,2,1,1
BRDA:45,3,0,1
BRDA:45,3,1,0
BRDA:47,4,0,0
BRDA:47,4,1,0
BRDA:51,5,0,0
BRDA:51,5,1,1
BRDA:75,6,0,1
BRDA:75,6,1,1
BRDA:79,7,0,0
BRDA:79,7,1,1
BRDA:79,8,0,1
BRDA:79,8,1,1
BRF:18
BRH:12
end_of_record
TN:
SF:controllers\userController.js
FN:6,(anonymous_0)
FN:46,(anonymous_1)
FN:106,(anonymous_2)
FN:121,(anonymous_3)
FNF:4
FNH:3
FNDA:28,(anonymous_0)
FNDA:26,(anonymous_1)
FNDA:1,(anonymous_2)
FNDA:0,(anonymous_3)
DA:6,8
DA:7,28
DA:8,28
DA:9,28
DA:10,1
DA:16,27
DA:17,27
DA:18,0
DA:24,27
DA:25,27
DA:31,27
DA:33,27
DA:39,0
DA:40,0
DA:46,8
DA:47,26
DA:48,26
DA:49,26
DA:50,0
DA:56,26
DA:57,26
DA:58,0
DA:64,26
DA:65,26
DA:66,0
DA:72,26
DA:76,26
DA:80,26
DA:86,26
DA:88,26
DA:101,0
DA:102,0
DA:106,8
DA:107,1
DA:108,1
DA:109,1
DA:114,0
DA:115,0
DA:121,8
DA:122,0
DA:123,0
DA:125,0
DA:126,0
DA:127,0
DA:133,0
DA:140,0
DA:142,0
DA:143,0
LF:48
LH:29
BRDA:9,0,0,1
BRDA:9,0,1,27
BRDA:9,1,0,28
BRDA:9,1,1,27
BRDA:9,1,2,27
BRDA:17,2,0,0
BRDA:17,2,1,27
BRDA:49,3,0,0
BRDA:49,3,1,26
BRDA:49,4,0,26
BRDA:49,4,1,26
BRDA:57,5,0,0
BRDA:57,5,1,26
BRDA:65,6,0,0
BRDA:65,6,1,26
BRDA:126,7,0,0
BRDA:126,7,1,0
BRF:17
BRH:11
end_of_record
TN:
SF:middlewares\isAuthenticated.js
FN:3,(anonymous_0)
FNF:1
FNH:1
FNDA:47,(anonymous_0)
DA:3,8
DA:4,47
DA:5,47
DA:6,47
DA:7,0
DA:13,47
DA:14,47
DA:15,0
DA:21,47
DA:22,47
DA:24,0
LF:11
LH:8
BRDA:5,0,0,47
BRDA:5,0,1,47
BRDA:6,1,0,0
BRDA:6,1,1,47
BRDA:14,2,0,0
BRDA:14,2,1,47
BRF:6
BRH:4
end_of_record
TN:
SF:models\eventModel.js
FN:25,(anonymous_0)
FN:31,(anonymous_1)
FNF:2
FNH:2
FNDA:6,(anonymous_0)
FNDA:7,(anonymous_1)
DA:3,8
DA:26,6
DA:32,7
DA:67,8
LF:4
LH:4
BRF:0
BRH:0
end_of_record
TN:
SF:models\investmentModel.js
FNF:0
FNH:0
DA:3,8
DA:36,8
LF:2
LH:2
BRF:0
BRH:0
end_of_record
TN:
SF:models\scenarioModel.js
FNF:0
FNH:0
DA:3,8
DA:73,8
LF:2
LH:2
BRF:0
BRH:0
end_of_record
TN:
SF:models\simulationResultModel.js
FNF:0
FNH:0
DA:3,8
DA:39,8
LF:2
LH:2
BRF:0
BRH:0
end_of_record
TN:
SF:models\taxModel.js
FNF:0
FNH:0
DA:3,8
DA:33,8
LF:2
LH:2
BRF:0
BRH:0
end_of_record
TN:
SF:models\userModel.js
FNF:0
FNH:0
DA:3,8
DA:40,8
LF:2
LH:2
BRF:0
BRH:0
end_of_record
TN:
SF:routes\eventRoutes.js
FNF:0
FNH:0
DA:11,8
DA:13,8
DA:14,8
DA:15,8
DA:16,8
DA:17,8
LF:6
LH:6
BRF:0
BRH:0
end_of_record
TN:
SF:routes\investmentRoutes.js
FNF:0
FNH:0
DA:11,8
DA:13,8
DA:14,8
DA:19,8
DA:20,8
DA:21,8
LF:6
LH:6
BRF:0
BRH:0
end_of_record
TN:
SF:routes\loggingRoutes.js
FNF:0
FNH:0
DA:5,8
DA:7,8
LF:2
LH:2
BRF:0
BRH:0
end_of_record
TN:
SF:routes\scenarioRoutes.js
FNF:0
FNH:0
DA:11,8
DA:13,8
DA:14,8
DA:15,8
DA:16,8
DA:17,8
LF:6
LH:6
BRF:0
BRH:0
end_of_record
TN:
SF:routes\sharingRoutes.js
FNF:0
FNH:0
DA:10,8
DA:11,8
DA:13,8
DA:14,8
DA:15,8
LF:5
LH:5
BRF:0
BRH:0
end_of_record
TN:
SF:routes\simulationRoutes.js
FNF:0
FNH:0
DA:5,8
DA:7,8
DA:8,8
LF:3
LH:3
BRF:0
BRH:0
end_of_record
TN:
SF:routes\taxRoutes.js
FNF:0
FNH:0
DA:11,8
DA:12,8
DA:14,8
DA:15,8
DA:16,8
DA:17,8
LF:6
LH:6
BRF:0
BRH:0
end_of_record
TN:
SF:routes\userRoutes.js
FNF:0
FNH:0
DA:10,8
DA:12,8
DA:13,8
DA:14,8
DA:15,8
LF:5
LH:5
BRF:0
BRH:0
end_of_record
TN:
SF:utils\connectDB.js
FN:3,(anonymous_0)
FNF:1
FNH:0
FNDA:0,(anonymous_0)
DA:3,8
DA:4,0
DA:5,0
DA:6,0
DA:8,0
LF:5
LH:1
BRF:0
BRH:0
end_of_record
